{"D:\\work\\Tar\\EMMANUEL\\cibng\\apps\\NEWPROJECTS\\LIBRARY2\\frontend\\src\\app\\error.tsx": {"path":"D:\\work\\Tar\\EMMANUEL\\cibng\\apps\\NEWPROJECTS\\LIBRARY2\\frontend\\src\\app\\error.tsx","statementMap":{"0":{"start":{"line":5,"column":24},"end":{"line":5,"column":30}},"1":{"start":{"line":3,"column":26},"end":{"line":3,"column":null}},"2":{"start":{"line":6,"column":2},"end":{"line":9,"column":null}},"3":{"start":{"line":20,"column":25},"end":{"line":20,"column":null}}},"fnMap":{"0":{"name":"Error","decl":{"start":{"line":5,"column":24},"end":{"line":5,"column":30}},"loc":{"start":{"line":5,"column":105},"end":{"line":28,"column":null}}},"1":{"name":"(anonymous_2)","decl":{"start":{"line":6,"column":12},"end":{"line":6,"column":null}},"loc":{"start":{"line":6,"column":12},"end":{"line":9,"column":5}}},"2":{"name":"(anonymous_3)","decl":{"start":{"line":20,"column":19},"end":{"line":20,"column":25}},"loc":{"start":{"line":20,"column":25},"end":{"line":20,"column":null}}}},"branchMap":{"0":{"loc":{"start":{"line":15,"column":51},"end":{"line":15,"column":null}},"type":"binary-expr","locations":[{"start":{"line":15,"column":51},"end":{"line":15,"column":69}},{"start":{"line":15,"column":69},"end":{"line":15,"column":null}}]},"1":{"loc":{"start":{"line":16,"column":9},"end":{"line":16,"column":null}},"type":"binary-expr","locations":[{"start":{"line":16,"column":9},"end":{"line":16,"column":null}}]}},"s":{"0":0,"1":0,"2":0,"3":0},"f":{"0":0,"1":0,"2":0},"b":{"0":[0,0],"1":[0]}}
,"D:\\work\\Tar\\EMMANUEL\\cibng\\apps\\NEWPROJECTS\\LIBRARY2\\frontend\\src\\app\\global-error.tsx": {"path":"D:\\work\\Tar\\EMMANUEL\\cibng\\apps\\NEWPROJECTS\\LIBRARY2\\frontend\\src\\app\\global-error.tsx","statementMap":{"0":{"start":{"line":3,"column":24},"end":{"line":3,"column":36}},"1":{"start":{"line":15,"column":29},"end":{"line":15,"column":null}}},"fnMap":{"0":{"name":"GlobalError","decl":{"start":{"line":3,"column":24},"end":{"line":3,"column":36}},"loc":{"start":{"line":3,"column":111},"end":{"line":25,"column":null}}},"1":{"name":"(anonymous_2)","decl":{"start":{"line":15,"column":23},"end":{"line":15,"column":29}},"loc":{"start":{"line":15,"column":29},"end":{"line":15,"column":null}}}},"branchMap":{"0":{"loc":{"start":{"line":10,"column":55},"end":{"line":10,"column":null}},"type":"binary-expr","locations":[{"start":{"line":10,"column":55},"end":{"line":10,"column":73}},{"start":{"line":10,"column":73},"end":{"line":10,"column":null}}]},"1":{"loc":{"start":{"line":11,"column":13},"end":{"line":11,"column":null}},"type":"binary-expr","locations":[{"start":{"line":11,"column":13},"end":{"line":11,"column":null}}]}},"s":{"0":0,"1":0},"f":{"0":0,"1":0},"b":{"0":[0,0],"1":[0]}}
,"D:\\work\\Tar\\EMMANUEL\\cibng\\apps\\NEWPROJECTS\\LIBRARY2\\frontend\\src\\app\\layout.tsx": {"path":"D:\\work\\Tar\\EMMANUEL\\cibng\\apps\\NEWPROJECTS\\LIBRARY2\\frontend\\src\\app\\layout.tsx","statementMap":{"0":{"start":{"line":33,"column":24},"end":{"line":33,"column":35}},"1":{"start":{"line":14,"column":13},"end":{"line":14,"column":21}},"2":{"start":{"line":2,"column":21},"end":{"line":2,"column":null}},"3":{"start":{"line":3,"column":7},"end":{"line":3,"column":null}},"4":{"start":{"line":4,"column":24},"end":{"line":4,"column":null}},"5":{"start":{"line":5,"column":34},"end":{"line":5,"column":null}},"6":{"start":{"line":6,"column":35},"end":{"line":6,"column":null}},"7":{"start":{"line":8,"column":13},"end":{"line":12,"column":null}},"8":{"start":{"line":14,"column":34},"end":{"line":31,"column":null}}},"fnMap":{"0":{"name":"RootLayout","decl":{"start":{"line":33,"column":24},"end":{"line":33,"column":35}},"loc":{"start":{"line":37,"column":2},"end":{"line":51,"column":1}}}},"branchMap":{},"s":{"0":0,"1":0,"2":0,"3":0,"4":0,"5":0,"6":0,"7":0,"8":0},"f":{"0":0},"b":{}}
,"D:\\work\\Tar\\EMMANUEL\\cibng\\apps\\NEWPROJECTS\\LIBRARY2\\frontend\\src\\app\\loading.tsx": {"path":"D:\\work\\Tar\\EMMANUEL\\cibng\\apps\\NEWPROJECTS\\LIBRARY2\\frontend\\src\\app\\loading.tsx","statementMap":{"0":{"start":{"line":1,"column":24},"end":{"line":1,"column":null}}},"fnMap":{"0":{"name":"Loading","decl":{"start":{"line":1,"column":24},"end":{"line":1,"column":null}},"loc":{"start":{"line":1,"column":24},"end":{"line":10,"column":null}}}},"branchMap":{},"s":{"0":0},"f":{"0":0},"b":{}}
,"D:\\work\\Tar\\EMMANUEL\\cibng\\apps\\NEWPROJECTS\\LIBRARY2\\frontend\\src\\app\\not-found.tsx": {"path":"D:\\work\\Tar\\EMMANUEL\\cibng\\apps\\NEWPROJECTS\\LIBRARY2\\frontend\\src\\app\\not-found.tsx","statementMap":{"0":{"start":{"line":1,"column":24},"end":{"line":1,"column":null}}},"fnMap":{"0":{"name":"NotFound","decl":{"start":{"line":1,"column":24},"end":{"line":1,"column":null}},"loc":{"start":{"line":1,"column":24},"end":{"line":16,"column":null}}}},"branchMap":{},"s":{"0":0},"f":{"0":0},"b":{}}
,"D:\\work\\Tar\\EMMANUEL\\cibng\\apps\\NEWPROJECTS\\LIBRARY2\\frontend\\src\\app\\page.tsx": {"path":"D:\\work\\Tar\\EMMANUEL\\cibng\\apps\\NEWPROJECTS\\LIBRARY2\\frontend\\src\\app\\page.tsx","statementMap":{"0":{"start":{"line":11,"column":24},"end":{"line":11,"column":null}},"1":{"start":{"line":3,"column":23},"end":{"line":3,"column":null}},"2":{"start":{"line":4,"column":28},"end":{"line":4,"column":null}},"3":{"start":{"line":5,"column":32},"end":{"line":5,"column":null}},"4":{"start":{"line":6,"column":34},"end":{"line":6,"column":null}},"5":{"start":{"line":7,"column":23},"end":{"line":7,"column":null}},"6":{"start":{"line":8,"column":26},"end":{"line":8,"column":null}},"7":{"start":{"line":9,"column":27},"end":{"line":9,"column":null}}},"fnMap":{"0":{"name":"Home","decl":{"start":{"line":11,"column":24},"end":{"line":11,"column":null}},"loc":{"start":{"line":11,"column":24},"end":{"line":23,"column":null}}}},"branchMap":{},"s":{"0":0,"1":0,"2":0,"3":0,"4":0,"5":0,"6":0,"7":0},"f":{"0":0},"b":{}}
,"D:\\work\\Tar\\EMMANUEL\\cibng\\apps\\NEWPROJECTS\\LIBRARY2\\frontend\\src\\app\\about\\page.tsx": {"path":"D:\\work\\Tar\\EMMANUEL\\cibng\\apps\\NEWPROJECTS\\LIBRARY2\\frontend\\src\\app\\about\\page.tsx","statementMap":{"0":{"start":{"line":10,"column":24},"end":{"line":10,"column":null}},"1":{"start":{"line":3,"column":23},"end":{"line":3,"column":null}},"2":{"start":{"line":4,"column":34},"end":{"line":4,"column":null}},"3":{"start":{"line":5,"column":22},"end":{"line":5,"column":null}},"4":{"start":{"line":6,"column":61},"end":{"line":6,"column":null}},"5":{"start":{"line":7,"column":23},"end":{"line":7,"column":null}},"6":{"start":{"line":8,"column":23},"end":{"line":8,"column":null}},"7":{"start":{"line":39,"column":12},"end":{"line":39,"column":26}}},"fnMap":{"0":{"name":"AboutPage","decl":{"start":{"line":10,"column":24},"end":{"line":10,"column":null}},"loc":{"start":{"line":10,"column":24},"end":{"line":68,"column":null}}},"1":{"name":"(anonymous_2)","decl":{"start":{"line":38,"column":16},"end":{"line":38,"column":17}},"loc":{"start":{"line":39,"column":12},"end":{"line":39,"column":26}}}},"branchMap":{},"s":{"0":0,"1":0,"2":0,"3":0,"4":0,"5":0,"6":0,"7":0},"f":{"0":0,"1":0},"b":{}}
,"D:\\work\\Tar\\EMMANUEL\\cibng\\apps\\NEWPROJECTS\\LIBRARY2\\frontend\\src\\app\\admin\\page.tsx": {"path":"D:\\work\\Tar\\EMMANUEL\\cibng\\apps\\NEWPROJECTS\\LIBRARY2\\frontend\\src\\app\\admin\\page.tsx","statementMap":{"0":{"start":{"line":21,"column":24},"end":{"line":21,"column":null}},"1":{"start":{"line":3,"column":25},"end":{"line":3,"column":null}},"2":{"start":{"line":4,"column":23},"end":{"line":4,"column":null}},"3":{"start":{"line":5,"column":74},"end":{"line":5,"column":null}},"4":{"start":{"line":6,"column":22},"end":{"line":6,"column":null}},"5":{"start":{"line":7,"column":57},"end":{"line":7,"column":null}},"6":{"start":{"line":8,"column":22},"end":{"line":8,"column":null}},"7":{"start":{"line":13,"column":52},"end":{"line":13,"column":null}},"8":{"start":{"line":18,"column":7},"end":{"line":18,"column":null}},"9":{"start":{"line":19,"column":23},"end":{"line":19,"column":null}},"10":{"start":{"line":22,"column":36},"end":{"line":22,"column":null}},"11":{"start":{"line":23,"column":34},"end":{"line":23,"column":null}},"12":{"start":{"line":24,"column":40},"end":{"line":24,"column":null}},"13":{"start":{"line":26,"column":16},"end":{"line":59,"column":null}},"14":{"start":{"line":61,"column":23},"end":{"line":89,"column":null}},"15":{"start":{"line":91,"column":23},"end":{"line":128,"column":null}},"16":{"start":{"line":130,"column":25},"end":{"line":138,"column":null}},"17":{"start":{"line":131,"column":4},"end":{"line":137,"column":null}},"18":{"start":{"line":132,"column":24},"end":{"line":132,"column":null}},"19":{"start":{"line":133,"column":22},"end":{"line":133,"column":null}},"20":{"start":{"line":134,"column":20},"end":{"line":134,"column":null}},"21":{"start":{"line":135,"column":24},"end":{"line":135,"column":null}},"22":{"start":{"line":136,"column":15},"end":{"line":136,"column":null}},"23":{"start":{"line":140,"column":22},"end":{"line":147,"column":null}},"24":{"start":{"line":141,"column":4},"end":{"line":146,"column":null}},"25":{"start":{"line":194,"column":16},"end":{"line":195,"column":null}},"26":{"start":{"line":227,"column":20},"end":{"line":228,"column":null}},"27":{"start":{"line":268,"column":37},"end":{"line":268,"column":null}},"28":{"start":{"line":280,"column":33},"end":{"line":280,"column":null}},"29":{"start":{"line":287,"column":33},"end":{"line":287,"column":null}},"30":{"start":{"line":300,"column":16},"end":{"line":301,"column":null}},"31":{"start":{"line":368,"column":20},"end":{"line":369,"column":null}}},"fnMap":{"0":{"name":"AdminDashboard","decl":{"start":{"line":21,"column":24},"end":{"line":21,"column":null}},"loc":{"start":{"line":21,"column":24},"end":{"line":424,"column":null}}},"1":{"name":"(anonymous_2)","decl":{"start":{"line":130,"column":25},"end":{"line":130,"column":26}},"loc":{"start":{"line":130,"column":26},"end":{"line":138,"column":null}}},"2":{"name":"(anonymous_3)","decl":{"start":{"line":140,"column":22},"end":{"line":140,"column":23}},"loc":{"start":{"line":140,"column":23},"end":{"line":147,"column":null}}},"3":{"name":"(anonymous_4)","decl":{"start":{"line":193,"column":25},"end":{"line":193,"column":26}},"loc":{"start":{"line":194,"column":16},"end":{"line":195,"column":null}}},"4":{"name":"(anonymous_5)","decl":{"start":{"line":226,"column":36},"end":{"line":226,"column":37}},"loc":{"start":{"line":227,"column":20},"end":{"line":228,"column":null}}},"5":{"name":"(anonymous_6)","decl":{"start":{"line":268,"column":30},"end":{"line":268,"column":31}},"loc":{"start":{"line":268,"column":37},"end":{"line":268,"column":null}}},"6":{"name":"(anonymous_7)","decl":{"start":{"line":280,"column":27},"end":{"line":280,"column":33}},"loc":{"start":{"line":280,"column":33},"end":{"line":280,"column":null}}},"7":{"name":"(anonymous_8)","decl":{"start":{"line":287,"column":27},"end":{"line":287,"column":33}},"loc":{"start":{"line":287,"column":33},"end":{"line":287,"column":null}}},"8":{"name":"(anonymous_9)","decl":{"start":{"line":299,"column":32},"end":{"line":299,"column":33}},"loc":{"start":{"line":300,"column":16},"end":{"line":301,"column":null}}},"9":{"name":"(anonymous_10)","decl":{"start":{"line":367,"column":36},"end":{"line":367,"column":37}},"loc":{"start":{"line":368,"column":20},"end":{"line":369,"column":null}}}},"branchMap":{"0":{"loc":{"start":{"line":131,"column":4},"end":{"line":137,"column":null}},"type":"switch","locations":[{"start":{"line":132,"column":6},"end":{"line":132,"column":null}},{"start":{"line":133,"column":6},"end":{"line":133,"column":null}},{"start":{"line":134,"column":6},"end":{"line":134,"column":null}},{"start":{"line":135,"column":6},"end":{"line":135,"column":null}},{"start":{"line":136,"column":6},"end":{"line":136,"column":null}}]},"1":{"loc":{"start":{"line":278,"column":27},"end":{"line":278,"column":null}},"type":"cond-expr","locations":[{"start":{"line":278,"column":49},"end":{"line":278,"column":61}},{"start":{"line":278,"column":61},"end":{"line":278,"column":null}}]},"2":{"loc":{"start":{"line":285,"column":27},"end":{"line":285,"column":null}},"type":"cond-expr","locations":[{"start":{"line":285,"column":49},"end":{"line":285,"column":61}},{"start":{"line":285,"column":61},"end":{"line":285,"column":null}}]},"3":{"loc":{"start":{"line":298,"column":28},"end":{"line":298,"column":null}},"type":"cond-expr","locations":[{"start":{"line":298,"column":50},"end":{"line":298,"column":95}},{"start":{"line":298,"column":95},"end":{"line":298,"column":null}}]},"4":{"loc":{"start":{"line":306,"column":35},"end":{"line":306,"column":null}},"type":"cond-expr","locations":[{"start":{"line":306,"column":57},"end":{"line":306,"column":66}},{"start":{"line":306,"column":66},"end":{"line":306,"column":null}}]},"5":{"loc":{"start":{"line":307,"column":51},"end":{"line":307,"column":122}},"type":"cond-expr","locations":[{"start":{"line":307,"column":73},"end":{"line":307,"column":118}},{"start":{"line":307,"column":118},"end":{"line":307,"column":122}}]},"6":{"loc":{"start":{"line":308,"column":38},"end":{"line":308,"column":null}},"type":"cond-expr","locations":[{"start":{"line":308,"column":60},"end":{"line":308,"column":92}},{"start":{"line":308,"column":92},"end":{"line":308,"column":null}}]}},"s":{"0":0,"1":0,"2":0,"3":0,"4":0,"5":0,"6":0,"7":0,"8":0,"9":0,"10":0,"11":0,"12":0,"13":0,"14":0,"15":0,"16":0,"17":0,"18":0,"19":0,"20":0,"21":0,"22":0,"23":0,"24":0,"25":0,"26":0,"27":0,"28":0,"29":0,"30":0,"31":0},"f":{"0":0,"1":0,"2":0,"3":0,"4":0,"5":0,"6":0,"7":0,"8":0,"9":0},"b":{"0":[0,0,0,0,0],"1":[0,0],"2":[0,0],"3":[0,0],"4":[0,0],"5":[0,0],"6":[0,0]}}
,"D:\\work\\Tar\\EMMANUEL\\cibng\\apps\\NEWPROJECTS\\LIBRARY2\\frontend\\src\\app\\admin\\blockchain-demo\\page.tsx": {"path":"D:\\work\\Tar\\EMMANUEL\\cibng\\apps\\NEWPROJECTS\\LIBRARY2\\frontend\\src\\app\\admin\\blockchain-demo\\page.tsx","statementMap":{"0":{"start":{"line":18,"column":24},"end":{"line":18,"column":null}},"1":{"start":{"line":3,"column":25},"end":{"line":3,"column":null}},"2":{"start":{"line":10,"column":7},"end":{"line":10,"column":null}},"3":{"start":{"line":11,"column":34},"end":{"line":11,"column":null}},"4":{"start":{"line":12,"column":74},"end":{"line":12,"column":null}},"5":{"start":{"line":13,"column":57},"end":{"line":13,"column":null}},"6":{"start":{"line":14,"column":23},"end":{"line":14,"column":null}},"7":{"start":{"line":15,"column":22},"end":{"line":15,"column":null}},"8":{"start":{"line":16,"column":26},"end":{"line":16,"column":null}},"9":{"start":{"line":19,"column":48},"end":{"line":19,"column":null}},"10":{"start":{"line":20,"column":48},"end":{"line":21,"column":null}},"11":{"start":{"line":25,"column":28},"end":{"line":25,"column":null}},"12":{"start":{"line":26,"column":30},"end":{"line":26,"column":null}},"13":{"start":{"line":56,"column":33},"end":{"line":56,"column":59}},"14":{"start":{"line":73,"column":14},"end":{"line":74,"column":null}},"15":{"start":{"line":76,"column":31},"end":{"line":76,"column":null}},"16":{"start":{"line":285,"column":10},"end":{"line":285,"column":null}},"17":{"start":{"line":286,"column":10},"end":{"line":286,"column":null}}},"fnMap":{"0":{"name":"BlockchainDemoPage","decl":{"start":{"line":18,"column":24},"end":{"line":18,"column":null}},"loc":{"start":{"line":18,"column":24},"end":{"line":347,"column":null}}},"1":{"name":"(anonymous_2)","decl":{"start":{"line":56,"column":27},"end":{"line":56,"column":33}},"loc":{"start":{"line":56,"column":33},"end":{"line":56,"column":59}}},"2":{"name":"(anonymous_3)","decl":{"start":{"line":72,"column":50},"end":{"line":72,"column":51}},"loc":{"start":{"line":73,"column":14},"end":{"line":74,"column":null}}},"3":{"name":"(anonymous_4)","decl":{"start":{"line":76,"column":25},"end":{"line":76,"column":31}},"loc":{"start":{"line":76,"column":31},"end":{"line":76,"column":null}}},"4":{"name":"(anonymous_5)","decl":{"start":{"line":284,"column":19},"end":{"line":284,"column":20}},"loc":{"start":{"line":284,"column":20},"end":{"line":287,"column":null}}}},"branchMap":{"0":{"loc":{"start":{"line":75,"column":25},"end":{"line":75,"column":null}},"type":"cond-expr","locations":[{"start":{"line":75,"column":55},"end":{"line":75,"column":67}},{"start":{"line":75,"column":67},"end":{"line":75,"column":null}}]}},"s":{"0":0,"1":0,"2":0,"3":0,"4":0,"5":0,"6":0,"7":0,"8":0,"9":0,"10":0,"11":0,"12":0,"13":0,"14":0,"15":0,"16":0,"17":0},"f":{"0":0,"1":0,"2":0,"3":0,"4":0},"b":{"0":[0,0]}}
,"D:\\work\\Tar\\EMMANUEL\\cibng\\apps\\NEWPROJECTS\\LIBRARY2\\frontend\\src\\app\\api\\health\\route.ts": {"path":"D:\\work\\Tar\\EMMANUEL\\cibng\\apps\\NEWPROJECTS\\LIBRARY2\\frontend\\src\\app\\api\\health\\route.ts","statementMap":{"0":{"start":{"line":3,"column":22},"end":{"line":3,"column":null}},"1":{"start":{"line":1,"column":29},"end":{"line":1,"column":null}},"2":{"start":{"line":4,"column":2},"end":{"line":4,"column":null}}},"fnMap":{"0":{"name":"GET","decl":{"start":{"line":3,"column":22},"end":{"line":3,"column":null}},"loc":{"start":{"line":3,"column":22},"end":{"line":5,"column":null}}}},"branchMap":{},"s":{"0":0,"1":0,"2":0},"f":{"0":0},"b":{}}
,"D:\\work\\Tar\\EMMANUEL\\cibng\\apps\\NEWPROJECTS\\LIBRARY2\\frontend\\src\\app\\courses\\page.tsx": {"path":"D:\\work\\Tar\\EMMANUEL\\cibng\\apps\\NEWPROJECTS\\LIBRARY2\\frontend\\src\\app\\courses\\page.tsx","statementMap":{"0":{"start":{"line":44,"column":24},"end":{"line":44,"column":null}},"1":{"start":{"line":3,"column":23},"end":{"line":3,"column":null}},"2":{"start":{"line":4,"column":23},"end":{"line":4,"column":null}},"3":{"start":{"line":5,"column":57},"end":{"line":5,"column":null}},"4":{"start":{"line":6,"column":22},"end":{"line":6,"column":null}},"5":{"start":{"line":7,"column":60},"end":{"line":7,"column":null}},"6":{"start":{"line":8,"column":23},"end":{"line":8,"column":null}},"7":{"start":{"line":9,"column":23},"end":{"line":9,"column":null}},"8":{"start":{"line":11,"column":16},"end":{"line":42,"column":null}},"9":{"start":{"line":80,"column":12},"end":{"line":80,"column":28}},"10":{"start":{"line":97,"column":12},"end":{"line":97,"column":43}}},"fnMap":{"0":{"name":"CoursesPage","decl":{"start":{"line":44,"column":24},"end":{"line":44,"column":null}},"loc":{"start":{"line":44,"column":24},"end":{"line":130,"column":null}}},"1":{"name":"(anonymous_2)","decl":{"start":{"line":79,"column":254},"end":{"line":79,"column":255}},"loc":{"start":{"line":80,"column":12},"end":{"line":80,"column":28}}},"2":{"name":"(anonymous_3)","decl":{"start":{"line":96,"column":23},"end":{"line":96,"column":24}},"loc":{"start":{"line":97,"column":12},"end":{"line":97,"column":43}}}},"branchMap":{},"s":{"0":0,"1":0,"2":0,"3":0,"4":0,"5":0,"6":0,"7":0,"8":0,"9":0,"10":0},"f":{"0":0,"1":0,"2":0},"b":{}}
,"D:\\work\\Tar\\EMMANUEL\\cibng\\apps\\NEWPROJECTS\\LIBRARY2\\frontend\\src\\app\\demo\\page.tsx": {"path":"D:\\work\\Tar\\EMMANUEL\\cibng\\apps\\NEWPROJECTS\\LIBRARY2\\frontend\\src\\app\\demo\\page.tsx","statementMap":{"0":{"start":{"line":8,"column":24},"end":{"line":8,"column":null}},"1":{"start":{"line":3,"column":17},"end":{"line":3,"column":null}},"2":{"start":{"line":4,"column":74},"end":{"line":4,"column":null}},"3":{"start":{"line":5,"column":23},"end":{"line":5,"column":null}},"4":{"start":{"line":6,"column":61},"end":{"line":6,"column":null}}},"fnMap":{"0":{"name":"DemoIndexPage","decl":{"start":{"line":8,"column":24},"end":{"line":8,"column":null}},"loc":{"start":{"line":8,"column":24},"end":{"line":132,"column":null}}}},"branchMap":{},"s":{"0":0,"1":0,"2":0,"3":0,"4":0},"f":{"0":0},"b":{}}
,"D:\\work\\Tar\\EMMANUEL\\cibng\\apps\\NEWPROJECTS\\LIBRARY2\\frontend\\src\\app\\demo\\blockchain\\page.tsx": {"path":"D:\\work\\Tar\\EMMANUEL\\cibng\\apps\\NEWPROJECTS\\LIBRARY2\\frontend\\src\\app\\demo\\blockchain\\page.tsx","statementMap":{"0":{"start":{"line":18,"column":24},"end":{"line":18,"column":null}},"1":{"start":{"line":3,"column":25},"end":{"line":3,"column":null}},"2":{"start":{"line":10,"column":7},"end":{"line":10,"column":null}},"3":{"start":{"line":11,"column":34},"end":{"line":11,"column":null}},"4":{"start":{"line":12,"column":74},"end":{"line":12,"column":null}},"5":{"start":{"line":13,"column":57},"end":{"line":13,"column":null}},"6":{"start":{"line":14,"column":23},"end":{"line":14,"column":null}},"7":{"start":{"line":15,"column":22},"end":{"line":15,"column":null}},"8":{"start":{"line":16,"column":26},"end":{"line":16,"column":null}},"9":{"start":{"line":19,"column":48},"end":{"line":19,"column":null}},"10":{"start":{"line":20,"column":48},"end":{"line":21,"column":null}},"11":{"start":{"line":25,"column":28},"end":{"line":25,"column":null}},"12":{"start":{"line":26,"column":30},"end":{"line":26,"column":null}},"13":{"start":{"line":53,"column":33},"end":{"line":53,"column":59}},"14":{"start":{"line":70,"column":14},"end":{"line":71,"column":null}},"15":{"start":{"line":73,"column":31},"end":{"line":73,"column":null}},"16":{"start":{"line":282,"column":10},"end":{"line":282,"column":null}},"17":{"start":{"line":283,"column":10},"end":{"line":283,"column":null}}},"fnMap":{"0":{"name":"BlockchainDemoPage","decl":{"start":{"line":18,"column":24},"end":{"line":18,"column":null}},"loc":{"start":{"line":18,"column":24},"end":{"line":344,"column":null}}},"1":{"name":"(anonymous_2)","decl":{"start":{"line":53,"column":27},"end":{"line":53,"column":33}},"loc":{"start":{"line":53,"column":33},"end":{"line":53,"column":59}}},"2":{"name":"(anonymous_3)","decl":{"start":{"line":69,"column":50},"end":{"line":69,"column":51}},"loc":{"start":{"line":70,"column":14},"end":{"line":71,"column":null}}},"3":{"name":"(anonymous_4)","decl":{"start":{"line":73,"column":25},"end":{"line":73,"column":31}},"loc":{"start":{"line":73,"column":31},"end":{"line":73,"column":null}}},"4":{"name":"(anonymous_5)","decl":{"start":{"line":281,"column":19},"end":{"line":281,"column":20}},"loc":{"start":{"line":281,"column":20},"end":{"line":284,"column":null}}}},"branchMap":{"0":{"loc":{"start":{"line":72,"column":25},"end":{"line":72,"column":null}},"type":"cond-expr","locations":[{"start":{"line":72,"column":55},"end":{"line":72,"column":67}},{"start":{"line":72,"column":67},"end":{"line":72,"column":null}}]}},"s":{"0":0,"1":0,"2":0,"3":0,"4":0,"5":0,"6":0,"7":0,"8":0,"9":0,"10":0,"11":0,"12":0,"13":0,"14":0,"15":0,"16":0,"17":0},"f":{"0":0,"1":0,"2":0,"3":0,"4":0},"b":{"0":[0,0]}}
,"D:\\work\\Tar\\EMMANUEL\\cibng\\apps\\NEWPROJECTS\\LIBRARY2\\frontend\\src\\app\\library\\page.tsx": {"path":"D:\\work\\Tar\\EMMANUEL\\cibng\\apps\\NEWPROJECTS\\LIBRARY2\\frontend\\src\\app\\library\\page.tsx","statementMap":{"0":{"start":{"line":20,"column":24},"end":{"line":20,"column":null}},"1":{"start":{"line":3,"column":36},"end":{"line":3,"column":null}},"2":{"start":{"line":4,"column":23},"end":{"line":4,"column":null}},"3":{"start":{"line":5,"column":22},"end":{"line":5,"column":null}},"4":{"start":{"line":6,"column":22},"end":{"line":6,"column":null}},"5":{"start":{"line":7,"column":58},"end":{"line":7,"column":null}},"6":{"start":{"line":8,"column":57},"end":{"line":8,"column":null}},"7":{"start":{"line":9,"column":78},"end":{"line":9,"column":null}},"8":{"start":{"line":10,"column":23},"end":{"line":10,"column":null}},"9":{"start":{"line":11,"column":25},"end":{"line":11,"column":null}},"10":{"start":{"line":12,"column":23},"end":{"line":12,"column":null}},"11":{"start":{"line":13,"column":23},"end":{"line":13,"column":null}},"12":{"start":{"line":17,"column":7},"end":{"line":17,"column":null}},"13":{"start":{"line":18,"column":23},"end":{"line":18,"column":null}},"14":{"start":{"line":21,"column":40},"end":{"line":21,"column":null}},"15":{"start":{"line":22,"column":42},"end":{"line":22,"column":null}},"16":{"start":{"line":23,"column":50},"end":{"line":23,"column":null}},"17":{"start":{"line":24,"column":38},"end":{"line":24,"column":null}},"18":{"start":{"line":25,"column":30},"end":{"line":25,"column":null}},"19":{"start":{"line":26,"column":34},"end":{"line":26,"column":null}},"20":{"start":{"line":27,"column":40},"end":{"line":27,"column":null}},"21":{"start":{"line":28,"column":36},"end":{"line":28,"column":null}},"22":{"start":{"line":30,"column":23},"end":{"line":139,"column":null}},"23":{"start":{"line":141,"column":21},"end":{"line":147,"column":null}},"24":{"start":{"line":149,"column":22},"end":{"line":155,"column":null}},"25":{"start":{"line":157,"column":22},"end":{"line":164,"column":null}},"26":{"start":{"line":158,"column":4},"end":{"line":163,"column":null}},"27":{"start":{"line":166,"column":23},"end":{"line":173,"column":null}},"28":{"start":{"line":167,"column":4},"end":{"line":172,"column":null}},"29":{"start":{"line":168,"column":23},"end":{"line":168,"column":null}},"30":{"start":{"line":169,"column":20},"end":{"line":169,"column":null}},"31":{"start":{"line":170,"column":20},"end":{"line":170,"column":null}},"32":{"start":{"line":171,"column":15},"end":{"line":171,"column":null}},"33":{"start":{"line":175,"column":25},"end":{"line":179,"column":null}},"34":{"start":{"line":176,"column":4},"end":{"line":177,"column":null}},"35":{"start":{"line":177,"column":6},"end":{"line":177,"column":null}},"36":{"start":{"line":177,"column":45},"end":{"line":177,"column":59}},"37":{"start":{"line":181,"column":26},"end":{"line":198,"column":null}},"38":{"start":{"line":182,"column":24},"end":{"line":182,"column":null}},"39":{"start":{"line":183,"column":26},"end":{"line":185,"column":null}},"40":{"start":{"line":185,"column":47},"end":{"line":185,"column":null}},"41":{"start":{"line":186,"column":28},"end":{"line":186,"column":null}},"42":{"start":{"line":187,"column":25},"end":{"line":187,"column":83}},"43":{"start":{"line":189,"column":4},"end":{"line":189,"column":null}},"44":{"start":{"line":191,"column":4},"end":{"line":197,"column":null}},"45":{"start":{"line":192,"column":21},"end":{"line":192,"column":null}},"46":{"start":{"line":193,"column":24},"end":{"line":193,"column":null}},"47":{"start":{"line":194,"column":25},"end":{"line":194,"column":null}},"48":{"start":{"line":195,"column":25},"end":{"line":195,"column":null}},"49":{"start":{"line":196,"column":15},"end":{"line":196,"column":null}},"50":{"start":{"line":228,"column":35},"end":{"line":228,"column":null}},"51":{"start":{"line":254,"column":35},"end":{"line":254,"column":null}},"52":{"start":{"line":283,"column":24},"end":{"line":283,"column":57}},"53":{"start":{"line":314,"column":22},"end":{"line":314,"column":41}},"54":{"start":{"line":331,"column":24},"end":{"line":331,"column":55}},"55":{"start":{"line":359,"column":37},"end":{"line":359,"column":null}},"56":{"start":{"line":372,"column":37},"end":{"line":372,"column":null}},"57":{"start":{"line":379,"column":37},"end":{"line":379,"column":null}},"58":{"start":{"line":390,"column":18},"end":{"line":391,"column":null}},"59":{"start":{"line":449,"column":45},"end":{"line":449,"column":null}}},"fnMap":{"0":{"name":"LibraryPage","decl":{"start":{"line":20,"column":24},"end":{"line":20,"column":null}},"loc":{"start":{"line":20,"column":24},"end":{"line":525,"column":null}}},"1":{"name":"(anonymous_2)","decl":{"start":{"line":157,"column":22},"end":{"line":157,"column":23}},"loc":{"start":{"line":157,"column":23},"end":{"line":164,"column":null}}},"2":{"name":"(anonymous_3)","decl":{"start":{"line":166,"column":23},"end":{"line":166,"column":24}},"loc":{"start":{"line":166,"column":24},"end":{"line":173,"column":null}}},"3":{"name":"(anonymous_4)","decl":{"start":{"line":175,"column":25},"end":{"line":175,"column":26}},"loc":{"start":{"line":175,"column":26},"end":{"line":179,"column":null}}},"4":{"name":"(anonymous_5)","decl":{"start":{"line":176,"column":17},"end":{"line":176,"column":null}},"loc":{"start":{"line":177,"column":6},"end":{"line":177,"column":null}}},"5":{"name":"(anonymous_6)","decl":{"start":{"line":177,"column":38},"end":{"line":177,"column":45}},"loc":{"start":{"line":177,"column":45},"end":{"line":177,"column":59}}},"6":{"name":"(anonymous_7)","decl":{"start":{"line":181,"column":46},"end":{"line":181,"column":null}},"loc":{"start":{"line":181,"column":46},"end":{"line":190,"column":5}}},"7":{"name":"(anonymous_8)","decl":{"start":{"line":185,"column":40},"end":{"line":185,"column":47}},"loc":{"start":{"line":185,"column":47},"end":{"line":185,"column":null}}},"8":{"name":"(anonymous_9)","decl":{"start":{"line":190,"column":10},"end":{"line":190,"column":11}},"loc":{"start":{"line":190,"column":14},"end":{"line":198,"column":null}}},"9":{"name":"(anonymous_10)","decl":{"start":{"line":228,"column":28},"end":{"line":228,"column":29}},"loc":{"start":{"line":228,"column":35},"end":{"line":228,"column":null}}},"10":{"name":"(anonymous_11)","decl":{"start":{"line":254,"column":29},"end":{"line":254,"column":35}},"loc":{"start":{"line":254,"column":35},"end":{"line":254,"column":null}}},"11":{"name":"(anonymous_12)","decl":{"start":{"line":282,"column":38},"end":{"line":282,"column":null}},"loc":{"start":{"line":283,"column":24},"end":{"line":283,"column":57}}},"12":{"name":"(anonymous_13)","decl":{"start":{"line":313,"column":66},"end":{"line":313,"column":null}},"loc":{"start":{"line":314,"column":22},"end":{"line":314,"column":41}}},"13":{"name":"(anonymous_14)","decl":{"start":{"line":330,"column":39},"end":{"line":330,"column":null}},"loc":{"start":{"line":331,"column":24},"end":{"line":331,"column":55}}},"14":{"name":"(anonymous_15)","decl":{"start":{"line":359,"column":31},"end":{"line":359,"column":37}},"loc":{"start":{"line":359,"column":37},"end":{"line":359,"column":null}}},"15":{"name":"(anonymous_16)","decl":{"start":{"line":372,"column":31},"end":{"line":372,"column":37}},"loc":{"start":{"line":372,"column":37},"end":{"line":372,"column":null}}},"16":{"name":"(anonymous_17)","decl":{"start":{"line":379,"column":31},"end":{"line":379,"column":37}},"loc":{"start":{"line":379,"column":37},"end":{"line":379,"column":null}}},"17":{"name":"(anonymous_18)","decl":{"start":{"line":389,"column":37},"end":{"line":389,"column":38}},"loc":{"start":{"line":390,"column":18},"end":{"line":391,"column":null}}},"18":{"name":"(anonymous_19)","decl":{"start":{"line":449,"column":39},"end":{"line":449,"column":45}},"loc":{"start":{"line":449,"column":45},"end":{"line":449,"column":null}}}},"branchMap":{"0":{"loc":{"start":{"line":167,"column":4},"end":{"line":172,"column":null}},"type":"switch","locations":[{"start":{"line":168,"column":6},"end":{"line":168,"column":null}},{"start":{"line":169,"column":6},"end":{"line":169,"column":null}},{"start":{"line":170,"column":6},"end":{"line":170,"column":null}},{"start":{"line":171,"column":6},"end":{"line":171,"column":null}}]},"1":{"loc":{"start":{"line":177,"column":6},"end":{"line":177,"column":null}},"type":"cond-expr","locations":[{"start":{"line":177,"column":26},"end":{"line":177,"column":59}},{"start":{"line":177,"column":59},"end":{"line":177,"column":null}}]},"2":{"loc":{"start":{"line":182,"column":24},"end":{"line":182,"column":null}},"type":"binary-expr","locations":[{"start":{"line":182,"column":24},"end":{"line":182,"column":50}},{"start":{"line":182,"column":50},"end":{"line":182,"column":null}}]},"3":{"loc":{"start":{"line":183,"column":26},"end":{"line":185,"column":null}},"type":"binary-expr","locations":[{"start":{"line":183,"column":26},"end":{"line":183,"column":null}},{"start":{"line":184,"column":25},"end":{"line":184,"column":null}},{"start":{"line":185,"column":25},"end":{"line":185,"column":null}}]},"4":{"loc":{"start":{"line":186,"column":28},"end":{"line":186,"column":null}},"type":"binary-expr","locations":[{"start":{"line":186,"column":28},"end":{"line":186,"column":58}},{"start":{"line":186,"column":58},"end":{"line":186,"column":null}}]},"5":{"loc":{"start":{"line":187,"column":25},"end":{"line":187,"column":83}},"type":"binary-expr","locations":[{"start":{"line":187,"column":25},"end":{"line":187,"column":52}},{"start":{"line":187,"column":56},"end":{"line":187,"column":83}}]},"6":{"loc":{"start":{"line":189,"column":11},"end":{"line":189,"column":null}},"type":"binary-expr","locations":[{"start":{"line":189,"column":11},"end":{"line":189,"column":26}},{"start":{"line":189,"column":26},"end":{"line":189,"column":43}},{"start":{"line":189,"column":43},"end":{"line":189,"column":62}},{"start":{"line":189,"column":62},"end":{"line":189,"column":null}}]},"7":{"loc":{"start":{"line":191,"column":4},"end":{"line":197,"column":null}},"type":"switch","locations":[{"start":{"line":192,"column":6},"end":{"line":192,"column":null}},{"start":{"line":193,"column":6},"end":{"line":193,"column":null}},{"start":{"line":194,"column":6},"end":{"line":194,"column":null}},{"start":{"line":195,"column":6},"end":{"line":195,"column":null}},{"start":{"line":196,"column":6},"end":{"line":196,"column":null}}]},"8":{"loc":{"start":{"line":246,"column":28},"end":{"line":246,"column":61}},"type":"cond-expr","locations":[{"start":{"line":246,"column":42},"end":{"line":246,"column":52}},{"start":{"line":246,"column":52},"end":{"line":246,"column":61}}]},"9":{"loc":{"start":{"line":370,"column":31},"end":{"line":370,"column":null}},"type":"cond-expr","locations":[{"start":{"line":370,"column":53},"end":{"line":370,"column":65}},{"start":{"line":370,"column":65},"end":{"line":370,"column":null}}]},"10":{"loc":{"start":{"line":377,"column":31},"end":{"line":377,"column":null}},"type":"cond-expr","locations":[{"start":{"line":377,"column":53},"end":{"line":377,"column":65}},{"start":{"line":377,"column":65},"end":{"line":377,"column":null}}]},"11":{"loc":{"start":{"line":388,"column":30},"end":{"line":388,"column":null}},"type":"cond-expr","locations":[{"start":{"line":388,"column":52},"end":{"line":388,"column":97}},{"start":{"line":388,"column":97},"end":{"line":388,"column":null}}]},"12":{"loc":{"start":{"line":398,"column":22},"end":{"line":398,"column":null}},"type":"cond-expr","locations":[{"start":{"line":398,"column":44},"end":{"line":398,"column":53}},{"start":{"line":398,"column":53},"end":{"line":398,"column":null}}]},"13":{"loc":{"start":{"line":401,"column":50},"end":{"line":401,"column":88}},"type":"cond-expr","locations":[{"start":{"line":401,"column":72},"end":{"line":401,"column":81}},{"start":{"line":401,"column":81},"end":{"line":401,"column":88}}]},"14":{"loc":{"start":{"line":409,"column":25},"end":{"line":409,"column":38}},"type":"binary-expr","locations":[{"start":{"line":409,"column":25},"end":{"line":409,"column":38}}]},"15":{"loc":{"start":{"line":416,"column":25},"end":{"line":416,"column":42}},"type":"binary-expr","locations":[{"start":{"line":416,"column":25},"end":{"line":416,"column":42}}]},"16":{"loc":{"start":{"line":426,"column":28},"end":{"line":430,"column":29}},"type":"cond-expr","locations":[{"start":{"line":426,"column":28},"end":{"line":430,"column":29}}]},"17":{"loc":{"start":{"line":438,"column":48},"end":{"line":438,"column":82}},"type":"cond-expr","locations":[{"start":{"line":438,"column":70},"end":{"line":438,"column":78}},{"start":{"line":438,"column":78},"end":{"line":438,"column":82}}]},"18":{"loc":{"start":{"line":439,"column":47},"end":{"line":439,"column":null}},"type":"cond-expr","locations":[{"start":{"line":439,"column":69},"end":{"line":439,"column":78}},{"start":{"line":439,"column":78},"end":{"line":439,"column":null}}]},"19":{"loc":{"start":{"line":442,"column":30},"end":{"line":442,"column":null}},"type":"cond-expr","locations":[{"start":{"line":442,"column":52},"end":{"line":442,"column":64}},{"start":{"line":442,"column":64},"end":{"line":442,"column":null}}]},"20":{"loc":{"start":{"line":452,"column":59},"end":{"line":452,"column":136}},"type":"cond-expr","locations":[{"start":{"line":452,"column":89},"end":{"line":452,"column":119}},{"start":{"line":452,"column":119},"end":{"line":452,"column":136}}]},"21":{"loc":{"start":{"line":460,"column":48},"end":{"line":460,"column":null}},"type":"cond-expr","locations":[{"start":{"line":460,"column":70},"end":{"line":460,"column":79}},{"start":{"line":460,"column":79},"end":{"line":460,"column":null}}]},"22":{"loc":{"start":{"line":481,"column":47},"end":{"line":481,"column":null}},"type":"cond-expr","locations":[{"start":{"line":481,"column":69},"end":{"line":481,"column":78}},{"start":{"line":481,"column":78},"end":{"line":481,"column":null}}]},"23":{"loc":{"start":{"line":489,"column":32},"end":{"line":494,"column":33}},"type":"cond-expr","locations":[{"start":{"line":489,"column":32},"end":{"line":494,"column":33}}]}},"s":{"0":0,"1":0,"2":0,"3":0,"4":0,"5":0,"6":0,"7":0,"8":0,"9":0,"10":0,"11":0,"12":0,"13":0,"14":0,"15":0,"16":0,"17":0,"18":0,"19":0,"20":0,"21":0,"22":0,"23":0,"24":0,"25":0,"26":0,"27":0,"28":0,"29":0,"30":0,"31":0,"32":0,"33":0,"34":0,"35":0,"36":0,"37":0,"38":0,"39":0,"40":0,"41":0,"42":0,"43":0,"44":0,"45":0,"46":0,"47":0,"48":0,"49":0,"50":0,"51":0,"52":0,"53":0,"54":0,"55":0,"56":0,"57":0,"58":0,"59":0},"f":{"0":0,"1":0,"2":0,"3":0,"4":0,"5":0,"6":0,"7":0,"8":0,"9":0,"10":0,"11":0,"12":0,"13":0,"14":0,"15":0,"16":0,"17":0,"18":0},"b":{"0":[0,0,0,0],"1":[0,0],"2":[0,0],"3":[0,0,0],"4":[0,0],"5":[0,0],"6":[0,0,0,0],"7":[0,0,0,0,0],"8":[0,0],"9":[0,0],"10":[0,0],"11":[0,0],"12":[0,0],"13":[0,0],"14":[0],"15":[0],"16":[0],"17":[0,0],"18":[0,0],"19":[0,0],"20":[0,0],"21":[0,0],"22":[0,0],"23":[0]}}
,"D:\\work\\Tar\\EMMANUEL\\cibng\\apps\\NEWPROJECTS\\LIBRARY2\\frontend\\src\\app\\library\\blockchain-demo\\page.tsx": {"path":"D:\\work\\Tar\\EMMANUEL\\cibng\\apps\\NEWPROJECTS\\LIBRARY2\\frontend\\src\\app\\library\\blockchain-demo\\page.tsx","statementMap":{"0":{"start":{"line":18,"column":24},"end":{"line":18,"column":null}},"1":{"start":{"line":3,"column":25},"end":{"line":3,"column":null}},"2":{"start":{"line":10,"column":7},"end":{"line":10,"column":null}},"3":{"start":{"line":11,"column":34},"end":{"line":11,"column":null}},"4":{"start":{"line":12,"column":74},"end":{"line":12,"column":null}},"5":{"start":{"line":13,"column":57},"end":{"line":13,"column":null}},"6":{"start":{"line":14,"column":23},"end":{"line":14,"column":null}},"7":{"start":{"line":15,"column":22},"end":{"line":15,"column":null}},"8":{"start":{"line":16,"column":26},"end":{"line":16,"column":null}},"9":{"start":{"line":19,"column":48},"end":{"line":19,"column":null}},"10":{"start":{"line":20,"column":48},"end":{"line":21,"column":null}},"11":{"start":{"line":24,"column":28},"end":{"line":24,"column":null}},"12":{"start":{"line":25,"column":30},"end":{"line":25,"column":null}},"13":{"start":{"line":50,"column":33},"end":{"line":50,"column":59}},"14":{"start":{"line":66,"column":14},"end":{"line":67,"column":null}},"15":{"start":{"line":69,"column":31},"end":{"line":69,"column":null}},"16":{"start":{"line":265,"column":10},"end":{"line":265,"column":null}},"17":{"start":{"line":266,"column":10},"end":{"line":266,"column":null}}},"fnMap":{"0":{"name":"BlockchainDemoPage","decl":{"start":{"line":18,"column":24},"end":{"line":18,"column":null}},"loc":{"start":{"line":18,"column":24},"end":{"line":328,"column":null}}},"1":{"name":"(anonymous_2)","decl":{"start":{"line":50,"column":27},"end":{"line":50,"column":33}},"loc":{"start":{"line":50,"column":33},"end":{"line":50,"column":59}}},"2":{"name":"(anonymous_3)","decl":{"start":{"line":65,"column":50},"end":{"line":65,"column":51}},"loc":{"start":{"line":66,"column":14},"end":{"line":67,"column":null}}},"3":{"name":"(anonymous_4)","decl":{"start":{"line":69,"column":25},"end":{"line":69,"column":31}},"loc":{"start":{"line":69,"column":31},"end":{"line":69,"column":null}}},"4":{"name":"(anonymous_5)","decl":{"start":{"line":264,"column":19},"end":{"line":264,"column":20}},"loc":{"start":{"line":264,"column":20},"end":{"line":267,"column":null}}}},"branchMap":{"0":{"loc":{"start":{"line":68,"column":25},"end":{"line":68,"column":null}},"type":"cond-expr","locations":[{"start":{"line":68,"column":55},"end":{"line":68,"column":67}},{"start":{"line":68,"column":67},"end":{"line":68,"column":null}}]}},"s":{"0":0,"1":0,"2":0,"3":0,"4":0,"5":0,"6":0,"7":0,"8":0,"9":0,"10":0,"11":0,"12":0,"13":0,"14":0,"15":0,"16":0,"17":0},"f":{"0":0,"1":0,"2":0,"3":0,"4":0},"b":{"0":[0,0]}}
,"D:\\work\\Tar\\EMMANUEL\\cibng\\apps\\NEWPROJECTS\\LIBRARY2\\frontend\\src\\app\\resources\\page.tsx": {"path":"D:\\work\\Tar\\EMMANUEL\\cibng\\apps\\NEWPROJECTS\\LIBRARY2\\frontend\\src\\app\\resources\\page.tsx","statementMap":{"0":{"start":{"line":18,"column":24},"end":{"line":18,"column":null}},"1":{"start":{"line":3,"column":23},"end":{"line":3,"column":null}},"2":{"start":{"line":4,"column":57},"end":{"line":4,"column":null}},"3":{"start":{"line":5,"column":22},"end":{"line":5,"column":null}},"4":{"start":{"line":6,"column":23},"end":{"line":6,"column":null}},"5":{"start":{"line":7,"column":75},"end":{"line":7,"column":null}},"6":{"start":{"line":8,"column":23},"end":{"line":8,"column":null}},"7":{"start":{"line":9,"column":23},"end":{"line":9,"column":null}},"8":{"start":{"line":11,"column":19},"end":{"line":16,"column":null}},"9":{"start":{"line":52,"column":12},"end":{"line":52,"column":39}},"10":{"start":{"line":82,"column":14},"end":{"line":82,"column":28}}},"fnMap":{"0":{"name":"ResourcesPage","decl":{"start":{"line":18,"column":24},"end":{"line":18,"column":null}},"loc":{"start":{"line":18,"column":24},"end":{"line":104,"column":null}}},"1":{"name":"(anonymous_2)","decl":{"start":{"line":51,"column":26},"end":{"line":51,"column":27}},"loc":{"start":{"line":52,"column":12},"end":{"line":52,"column":39}}},"2":{"name":"(anonymous_3)","decl":{"start":{"line":81,"column":25},"end":{"line":81,"column":26}},"loc":{"start":{"line":82,"column":14},"end":{"line":82,"column":28}}}},"branchMap":{},"s":{"0":0,"1":0,"2":0,"3":0,"4":0,"5":0,"6":0,"7":0,"8":0,"9":0,"10":0},"f":{"0":0,"1":0,"2":0},"b":{}}
,"D:\\work\\Tar\\EMMANUEL\\cibng\\apps\\NEWPROJECTS\\LIBRARY2\\frontend\\src\\components\\auth\\login-modal.tsx": {"path":"D:\\work\\Tar\\EMMANUEL\\cibng\\apps\\NEWPROJECTS\\LIBRARY2\\frontend\\src\\components\\auth\\login-modal.tsx","statementMap":{"0":{"start":{"line":28,"column":16},"end":{"line":28,"column":27}},"1":{"start":{"line":3,"column":32},"end":{"line":3,"column":null}},"2":{"start":{"line":4,"column":24},"end":{"line":4,"column":null}},"3":{"start":{"line":7,"column":2},"end":{"line":20,"column":null}},"4":{"start":{"line":8,"column":4},"end":{"line":8,"column":null}},"5":{"start":{"line":10,"column":4},"end":{"line":19,"column":null}},"6":{"start":{"line":29,"column":42},"end":{"line":29,"column":null}},"7":{"start":{"line":30,"column":24},"end":{"line":30,"column":null}},"8":{"start":{"line":31,"column":28},"end":{"line":31,"column":null}},"9":{"start":{"line":32,"column":34},"end":{"line":32,"column":null}},"10":{"start":{"line":33,"column":42},"end":{"line":33,"column":null}},"11":{"start":{"line":34,"column":28},"end":{"line":34,"column":null}},"12":{"start":{"line":35,"column":26},"end":{"line":35,"column":null}},"13":{"start":{"line":36,"column":34},"end":{"line":36,"column":null}},"14":{"start":{"line":37,"column":42},"end":{"line":37,"column":null}},"15":{"start":{"line":38,"column":28},"end":{"line":38,"column":null}},"16":{"start":{"line":40,"column":2},"end":{"line":40,"column":null}},"17":{"start":{"line":40,"column":15},"end":{"line":40,"column":null}},"18":{"start":{"line":42,"column":30},"end":{"line":55,"column":null}},"19":{"start":{"line":43,"column":4},"end":{"line":46,"column":null}},"20":{"start":{"line":44,"column":6},"end":{"line":44,"column":null}},"21":{"start":{"line":45,"column":6},"end":{"line":45,"column":null}},"22":{"start":{"line":47,"column":4},"end":{"line":47,"column":null}},"23":{"start":{"line":48,"column":4},"end":{"line":54,"column":null}},"24":{"start":{"line":49,"column":6},"end":{"line":49,"column":null}},"25":{"start":{"line":50,"column":6},"end":{"line":50,"column":null}},"26":{"start":{"line":52,"column":18},"end":{"line":52,"column":null}},"27":{"start":{"line":53,"column":6},"end":{"line":53,"column":null}},"28":{"start":{"line":57,"column":27},"end":{"line":70,"column":null}},"29":{"start":{"line":58,"column":4},"end":{"line":61,"column":null}},"30":{"start":{"line":59,"column":6},"end":{"line":59,"column":null}},"31":{"start":{"line":60,"column":6},"end":{"line":60,"column":null}},"32":{"start":{"line":62,"column":4},"end":{"line":62,"column":null}},"33":{"start":{"line":63,"column":4},"end":{"line":69,"column":null}},"34":{"start":{"line":64,"column":6},"end":{"line":64,"column":null}},"35":{"start":{"line":65,"column":6},"end":{"line":65,"column":null}},"36":{"start":{"line":67,"column":18},"end":{"line":67,"column":null}},"37":{"start":{"line":68,"column":6},"end":{"line":68,"column":null}},"38":{"start":{"line":83,"column":33},"end":{"line":83,"column":52}},"39":{"start":{"line":84,"column":33},"end":{"line":84,"column":49}},"40":{"start":{"line":90,"column":37},"end":{"line":90,"column":57}},"41":{"start":{"line":90,"column":57},"end":{"line":90,"column":79}},"42":{"start":{"line":92,"column":63},"end":{"line":92,"column":null}},"43":{"start":{"line":94,"column":111},"end":{"line":94,"column":null}},"44":{"start":{"line":96,"column":53},"end":{"line":96,"column":81}},"45":{"start":{"line":96,"column":76},"end":{"line":96,"column":81}},"46":{"start":{"line":96,"column":81},"end":{"line":96,"column":91}},"47":{"start":{"line":103,"column":37},"end":{"line":103,"column":57}},"48":{"start":{"line":103,"column":57},"end":{"line":103,"column":76}},"49":{"start":{"line":105,"column":63},"end":{"line":105,"column":null}},"50":{"start":{"line":112,"column":31},"end":{"line":112,"column":null}},"51":{"start":{"line":112,"column":50},"end":{"line":112,"column":null}},"52":{"start":{"line":116,"column":40},"end":{"line":116,"column":71}},"53":{"start":{"line":116,"column":71},"end":{"line":116,"column":90}},"54":{"start":{"line":117,"column":40},"end":{"line":117,"column":60}},"55":{"start":{"line":117,"column":60},"end":{"line":117,"column":79}},"56":{"start":{"line":121,"column":89},"end":{"line":121,"column":null}}},"fnMap":{"0":{"name":"useSafeAuth","decl":{"start":{"line":6,"column":9},"end":{"line":6,"column":null}},"loc":{"start":{"line":6,"column":9},"end":{"line":21,"column":null}}},"1":{"name":"(anonymous_5)","decl":{"start":{"line":14,"column":13},"end":{"line":14,"column":20}},"loc":{"start":{"line":14,"column":20},"end":{"line":14,"column":null}}},"2":{"name":"(anonymous_6)","decl":{"start":{"line":15,"column":17},"end":{"line":15,"column":24}},"loc":{"start":{"line":15,"column":24},"end":{"line":15,"column":null}}},"3":{"name":"(anonymous_7)","decl":{"start":{"line":16,"column":16},"end":{"line":16,"column":23}},"loc":{"start":{"line":16,"column":23},"end":{"line":16,"column":null}}},"4":{"name":"(anonymous_8)","decl":{"start":{"line":17,"column":14},"end":{"line":17,"column":21}},"loc":{"start":{"line":17,"column":14},"end":{"line":17,"column":null}}},"5":{"name":"(anonymous_9)","decl":{"start":{"line":18,"column":19},"end":{"line":18,"column":32}},"loc":{"start":{"line":18,"column":19},"end":{"line":18,"column":null}}},"6":{"name":"LoginModal","decl":{"start":{"line":28,"column":16},"end":{"line":28,"column":27}},"loc":{"start":{"line":28,"column":63},"end":{"line":131,"column":null}}},"7":{"name":"(anonymous_11)","decl":{"start":{"line":42,"column":30},"end":{"line":42,"column":null}},"loc":{"start":{"line":42,"column":30},"end":{"line":55,"column":null}}},"8":{"name":"(anonymous_12)","decl":{"start":{"line":57,"column":27},"end":{"line":57,"column":null}},"loc":{"start":{"line":57,"column":27},"end":{"line":70,"column":null}}},"9":{"name":"(anonymous_13)","decl":{"start":{"line":83,"column":27},"end":{"line":83,"column":33}},"loc":{"start":{"line":83,"column":33},"end":{"line":83,"column":52}}},"10":{"name":"(anonymous_14)","decl":{"start":{"line":84,"column":27},"end":{"line":84,"column":33}},"loc":{"start":{"line":84,"column":33},"end":{"line":84,"column":49}}},"11":{"name":"(anonymous_15)","decl":{"start":{"line":90,"column":28},"end":{"line":90,"column":29}},"loc":{"start":{"line":90,"column":29},"end":{"line":90,"column":null}}},"12":{"name":"(anonymous_16)","decl":{"start":{"line":92,"column":56},"end":{"line":92,"column":57}},"loc":{"start":{"line":92,"column":63},"end":{"line":92,"column":null}}},"13":{"name":"(anonymous_17)","decl":{"start":{"line":94,"column":104},"end":{"line":94,"column":105}},"loc":{"start":{"line":94,"column":111},"end":{"line":94,"column":null}}},"14":{"name":"(anonymous_18)","decl":{"start":{"line":96,"column":45},"end":{"line":96,"column":53}},"loc":{"start":{"line":96,"column":45},"end":{"line":96,"column":null}}},"15":{"name":"(anonymous_19)","decl":{"start":{"line":96,"column":69},"end":{"line":96,"column":70}},"loc":{"start":{"line":96,"column":76},"end":{"line":96,"column":81}}},"16":{"name":"(anonymous_20)","decl":{"start":{"line":103,"column":28},"end":{"line":103,"column":29}},"loc":{"start":{"line":103,"column":29},"end":{"line":103,"column":null}}},"17":{"name":"(anonymous_21)","decl":{"start":{"line":105,"column":56},"end":{"line":105,"column":57}},"loc":{"start":{"line":105,"column":63},"end":{"line":105,"column":null}}},"18":{"name":"(anonymous_22)","decl":{"start":{"line":112,"column":25},"end":{"line":112,"column":31}},"loc":{"start":{"line":112,"column":31},"end":{"line":112,"column":null}}},"19":{"name":"(anonymous_23)","decl":{"start":{"line":112,"column":43},"end":{"line":112,"column":44}},"loc":{"start":{"line":112,"column":50},"end":{"line":112,"column":null}}},"20":{"name":"(anonymous_24)","decl":{"start":{"line":116,"column":32},"end":{"line":116,"column":40}},"loc":{"start":{"line":116,"column":32},"end":{"line":116,"column":93}}},"21":{"name":"(anonymous_25)","decl":{"start":{"line":117,"column":32},"end":{"line":117,"column":40}},"loc":{"start":{"line":117,"column":32},"end":{"line":117,"column":82}}},"22":{"name":"(anonymous_26)","decl":{"start":{"line":121,"column":82},"end":{"line":121,"column":83}},"loc":{"start":{"line":121,"column":89},"end":{"line":121,"column":null}}}},"branchMap":{"0":{"loc":{"start":{"line":40,"column":2},"end":{"line":40,"column":null}},"type":"if","locations":[{"start":{"line":40,"column":2},"end":{"line":40,"column":null}},{"start":{},"end":{}}]},"1":{"loc":{"start":{"line":43,"column":4},"end":{"line":46,"column":null}},"type":"if","locations":[{"start":{"line":43,"column":4},"end":{"line":46,"column":null}},{"start":{},"end":{}}]},"2":{"loc":{"start":{"line":43,"column":8},"end":{"line":43,"column":29}},"type":"binary-expr","locations":[{"start":{"line":43,"column":8},"end":{"line":43,"column":18}},{"start":{"line":43,"column":18},"end":{"line":43,"column":29}}]},"3":{"loc":{"start":{"line":52,"column":18},"end":{"line":52,"column":null}},"type":"binary-expr","locations":[{"start":{"line":52,"column":18},"end":{"line":52,"column":47}},{"start":{"line":52,"column":47},"end":{"line":52,"column":null}}]},"4":{"loc":{"start":{"line":58,"column":4},"end":{"line":61,"column":null}},"type":"if","locations":[{"start":{"line":58,"column":4},"end":{"line":61,"column":null}},{"start":{},"end":{}}]},"5":{"loc":{"start":{"line":58,"column":8},"end":{"line":58,"column":42}},"type":"binary-expr","locations":[{"start":{"line":58,"column":8},"end":{"line":58,"column":18}},{"start":{"line":58,"column":18},"end":{"line":58,"column":27}},{"start":{"line":58,"column":27},"end":{"line":58,"column":42}}]},"6":{"loc":{"start":{"line":67,"column":18},"end":{"line":67,"column":null}},"type":"binary-expr","locations":[{"start":{"line":67,"column":18},"end":{"line":67,"column":47}},{"start":{"line":67,"column":47},"end":{"line":67,"column":null}}]},"7":{"loc":{"start":{"line":88,"column":10},"end":{"line":101,"column":11}},"type":"cond-expr","locations":[{"start":{"line":88,"column":10},"end":{"line":101,"column":11}}]},"8":{"loc":{"start":{"line":89,"column":13},"end":{"line":89,"column":26}},"type":"binary-expr","locations":[{"start":{"line":89,"column":13},"end":{"line":89,"column":26}}]},"9":{"loc":{"start":{"line":94,"column":41},"end":{"line":94,"column":77}},"type":"cond-expr","locations":[{"start":{"line":94,"column":56},"end":{"line":94,"column":65}},{"start":{"line":94,"column":65},"end":{"line":94,"column":77}}]},"10":{"loc":{"start":{"line":102,"column":13},"end":{"line":102,"column":26}},"type":"binary-expr","locations":[{"start":{"line":102,"column":13},"end":{"line":102,"column":26}}]},"11":{"loc":{"start":{"line":111,"column":23},"end":{"line":111,"column":null}},"type":"binary-expr","locations":[{"start":{"line":111,"column":23},"end":{"line":111,"column":31}},{"start":{"line":111,"column":31},"end":{"line":111,"column":null}}]},"12":{"loc":{"start":{"line":114,"column":15},"end":{"line":114,"column":null}},"type":"binary-expr","locations":[{"start":{"line":114,"column":15},"end":{"line":114,"column":null}}]},"13":{"loc":{"start":{"line":127,"column":9},"end":{"line":127,"column":18}},"type":"binary-expr","locations":[{"start":{"line":127,"column":9},"end":{"line":127,"column":18}}]}},"s":{"0":0,"1":0,"2":0,"3":0,"4":0,"5":0,"6":0,"7":0,"8":0,"9":0,"10":0,"11":0,"12":0,"13":0,"14":0,"15":0,"16":0,"17":0,"18":0,"19":0,"20":0,"21":0,"22":0,"23":0,"24":0,"25":0,"26":0,"27":0,"28":0,"29":0,"30":0,"31":0,"32":0,"33":0,"34":0,"35":0,"36":0,"37":0,"38":0,"39":0,"40":0,"41":0,"42":0,"43":0,"44":0,"45":0,"46":0,"47":0,"48":0,"49":0,"50":0,"51":0,"52":0,"53":0,"54":0,"55":0,"56":0},"f":{"0":0,"1":0,"2":0,"3":0,"4":0,"5":0,"6":0,"7":0,"8":0,"9":0,"10":0,"11":0,"12":0,"13":0,"14":0,"15":0,"16":0,"17":0,"18":0,"19":0,"20":0,"21":0,"22":0},"b":{"0":[0,0],"1":[0,0],"2":[0,0],"3":[0,0],"4":[0,0],"5":[0,0,0],"6":[0,0],"7":[0],"8":[0],"9":[0,0],"10":[0],"11":[0,0],"12":[0],"13":[0]}}
,"D:\\work\\Tar\\EMMANUEL\\cibng\\apps\\NEWPROJECTS\\LIBRARY2\\frontend\\src\\components\\blockchain\\index.tsx": {"path":"D:\\work\\Tar\\EMMANUEL\\cibng\\apps\\NEWPROJECTS\\LIBRARY2\\frontend\\src\\components\\blockchain\\index.tsx","statementMap":{"0":{"start":{"line":58,"column":16},"end":{"line":58,"column":38}},"1":{"start":{"line":34,"column":16},"end":{"line":34,"column":32}},"2":{"start":{"line":5,"column":16},"end":{"line":5,"column":38}},"3":{"start":{"line":49,"column":16},"end":{"line":49,"column":34}},"4":{"start":{"line":21,"column":16},"end":{"line":21,"column":34}},"5":{"start":{"line":1,"column":18},"end":{"line":1,"column":null}}},"fnMap":{"0":{"name":"BlockchainVerification","decl":{"start":{"line":5,"column":16},"end":{"line":5,"column":38}},"loc":{"start":{"line":11,"column":1},"end":{"line":19,"column":null}}},"1":{"name":"TransactionHistory","decl":{"start":{"line":21,"column":16},"end":{"line":21,"column":34}},"loc":{"start":{"line":25,"column":1},"end":{"line":32,"column":null}}},"2":{"name":"BlockchainStatus","decl":{"start":{"line":34,"column":16},"end":{"line":34,"column":32}},"loc":{"start":{"line":40,"column":1},"end":{"line":47,"column":null}}},"3":{"name":"MultiNetworkStatus","decl":{"start":{"line":49,"column":16},"end":{"line":49,"column":34}},"loc":{"start":{"line":49,"column":61},"end":{"line":56,"column":null}}},"4":{"name":"AnchorCertificateModal","decl":{"start":{"line":58,"column":16},"end":{"line":58,"column":38}},"loc":{"start":{"line":58,"column":104},"end":{"line":64,"column":null}}}},"branchMap":{"0":{"loc":{"start":{"line":16,"column":7},"end":{"line":16,"column":28}},"type":"binary-expr","locations":[{"start":{"line":16,"column":7},"end":{"line":16,"column":28}}]},"1":{"loc":{"start":{"line":44,"column":21},"end":{"line":44,"column":null}},"type":"binary-expr","locations":[{"start":{"line":44,"column":21},"end":{"line":44,"column":34}},{"start":{"line":44,"column":38},"end":{"line":44,"column":null}}]},"2":{"loc":{"start":{"line":53,"column":22},"end":{"line":53,"column":null}},"type":"binary-expr","locations":[{"start":{"line":53,"column":22},"end":{"line":53,"column":48}},{"start":{"line":53,"column":48},"end":{"line":53,"column":null}}]}},"s":{"0":0,"1":0,"2":0,"3":0,"4":0,"5":0},"f":{"0":0,"1":0,"2":0,"3":0,"4":0},"b":{"0":[0],"1":[0,0],"2":[0,0]}}
,"D:\\work\\Tar\\EMMANUEL\\cibng\\apps\\NEWPROJECTS\\LIBRARY2\\frontend\\src\\components\\cart\\shopping-cart.tsx": {"path":"D:\\work\\Tar\\EMMANUEL\\cibng\\apps\\NEWPROJECTS\\LIBRARY2\\frontend\\src\\components\\cart\\shopping-cart.tsx","statementMap":{"0":{"start":{"line":36,"column":16},"end":{"line":36,"column":29}},"1":{"start":{"line":3,"column":25},"end":{"line":3,"column":null}},"2":{"start":{"line":4,"column":23},"end":{"line":4,"column":null}},"3":{"start":{"line":5,"column":57},"end":{"line":5,"column":null}},"4":{"start":{"line":6,"column":22},"end":{"line":6,"column":null}},"5":{"start":{"line":7,"column":26},"end":{"line":7,"column":null}},"6":{"start":{"line":8,"column":84},"end":{"line":8,"column":null}},"7":{"start":{"line":9,"column":22},"end":{"line":9,"column":null}},"8":{"start":{"line":10,"column":22},"end":{"line":10,"column":null}},"9":{"start":{"line":15,"column":7},"end":{"line":15,"column":null}},"10":{"start":{"line":16,"column":23},"end":{"line":16,"column":null}},"11":{"start":{"line":37,"column":36},"end":{"line":62,"column":null}},"12":{"start":{"line":64,"column":42},"end":{"line":64,"column":null}},"13":{"start":{"line":65,"column":44},"end":{"line":65,"column":null}},"14":{"start":{"line":66,"column":34},"end":{"line":75,"column":null}},"15":{"start":{"line":77,"column":25},"end":{"line":83,"column":null}},"16":{"start":{"line":78,"column":4},"end":{"line":81,"column":null}},"17":{"start":{"line":78,"column":25},"end":{"line":81,"column":null}},"18":{"start":{"line":79,"column":6},"end":{"line":81,"column":null}},"19":{"start":{"line":85,"column":21},"end":{"line":87,"column":null}},"20":{"start":{"line":86,"column":4},"end":{"line":86,"column":null}},"21":{"start":{"line":86,"column":25},"end":{"line":86,"column":null}},"22":{"start":{"line":86,"column":45},"end":{"line":86,"column":null}},"23":{"start":{"line":89,"column":24},"end":{"line":91,"column":null}},"24":{"start":{"line":90,"column":4},"end":{"line":90,"column":null}},"25":{"start":{"line":90,"column":45},"end":{"line":90,"column":80}},"26":{"start":{"line":93,"column":24},"end":{"line":95,"column":null}},"27":{"start":{"line":94,"column":4},"end":{"line":94,"column":null}},"28":{"start":{"line":94,"column":45},"end":{"line":94,"column":66}},"29":{"start":{"line":97,"column":22},"end":{"line":104,"column":null}},"30":{"start":{"line":98,"column":4},"end":{"line":103,"column":null}},"31":{"start":{"line":106,"column":24},"end":{"line":110,"column":null}},"32":{"start":{"line":108,"column":4},"end":{"line":108,"column":null}},"33":{"start":{"line":112,"column":2},"end":{"line":283,"column":null}},"34":{"start":{"line":131,"column":18},"end":{"line":131,"column":37}},"35":{"start":{"line":164,"column":39},"end":{"line":164,"column":null}},"36":{"start":{"line":173,"column":39},"end":{"line":173,"column":null}},"37":{"start":{"line":184,"column":37},"end":{"line":184,"column":null}},"38":{"start":{"line":193,"column":37},"end":{"line":193,"column":null}},"39":{"start":{"line":202,"column":37},"end":{"line":202,"column":null}},"40":{"start":{"line":212,"column":39},"end":{"line":212,"column":null}},"41":{"start":{"line":222,"column":39},"end":{"line":222,"column":null}},"42":{"start":{"line":249,"column":39},"end":{"line":249,"column":null}},"43":{"start":{"line":273,"column":31},"end":{"line":273,"column":null}},"44":{"start":{"line":312,"column":16},"end":{"line":313,"column":null}},"45":{"start":{"line":342,"column":39},"end":{"line":342,"column":null}},"46":{"start":{"line":351,"column":39},"end":{"line":351,"column":null}},"47":{"start":{"line":359,"column":39},"end":{"line":359,"column":null}},"48":{"start":{"line":408,"column":31},"end":{"line":408,"column":null}}},"fnMap":{"0":{"name":"ShoppingCart","decl":{"start":{"line":36,"column":16},"end":{"line":36,"column":29}},"loc":{"start":{"line":36,"column":67},"end":{"line":433,"column":null}}},"1":{"name":"(anonymous_2)","decl":{"start":{"line":77,"column":25},"end":{"line":77,"column":26}},"loc":{"start":{"line":77,"column":38},"end":{"line":83,"column":null}}},"2":{"name":"(anonymous_3)","decl":{"start":{"line":78,"column":17},"end":{"line":78,"column":25}},"loc":{"start":{"line":78,"column":25},"end":{"line":81,"column":null}}},"3":{"name":"(anonymous_4)","decl":{"start":{"line":78,"column":34},"end":{"line":78,"column":null}},"loc":{"start":{"line":79,"column":6},"end":{"line":81,"column":null}}},"4":{"name":"(anonymous_5)","decl":{"start":{"line":85,"column":21},"end":{"line":85,"column":22}},"loc":{"start":{"line":85,"column":22},"end":{"line":87,"column":null}}},"5":{"name":"(anonymous_6)","decl":{"start":{"line":86,"column":17},"end":{"line":86,"column":25}},"loc":{"start":{"line":86,"column":25},"end":{"line":86,"column":null}}},"6":{"name":"(anonymous_7)","decl":{"start":{"line":86,"column":37},"end":{"line":86,"column":45}},"loc":{"start":{"line":86,"column":45},"end":{"line":86,"column":null}}},"7":{"name":"(anonymous_8)","decl":{"start":{"line":89,"column":24},"end":{"line":89,"column":null}},"loc":{"start":{"line":89,"column":24},"end":{"line":91,"column":null}}},"8":{"name":"(anonymous_9)","decl":{"start":{"line":90,"column":28},"end":{"line":90,"column":29}},"loc":{"start":{"line":90,"column":45},"end":{"line":90,"column":80}}},"9":{"name":"(anonymous_10)","decl":{"start":{"line":93,"column":24},"end":{"line":93,"column":null}},"loc":{"start":{"line":93,"column":24},"end":{"line":95,"column":null}}},"10":{"name":"(anonymous_11)","decl":{"start":{"line":94,"column":28},"end":{"line":94,"column":29}},"loc":{"start":{"line":94,"column":45},"end":{"line":94,"column":66}}},"11":{"name":"(anonymous_12)","decl":{"start":{"line":97,"column":22},"end":{"line":97,"column":23}},"loc":{"start":{"line":97,"column":23},"end":{"line":104,"column":null}}},"12":{"name":"(anonymous_13)","decl":{"start":{"line":106,"column":24},"end":{"line":106,"column":null}},"loc":{"start":{"line":106,"column":24},"end":{"line":110,"column":null}}},"13":{"name":"(anonymous_14)","decl":{"start":{"line":130,"column":31},"end":{"line":130,"column":null}},"loc":{"start":{"line":131,"column":18},"end":{"line":131,"column":37}}},"14":{"name":"(anonymous_15)","decl":{"start":{"line":164,"column":32},"end":{"line":164,"column":33}},"loc":{"start":{"line":164,"column":39},"end":{"line":164,"column":null}}},"15":{"name":"(anonymous_16)","decl":{"start":{"line":173,"column":32},"end":{"line":173,"column":33}},"loc":{"start":{"line":173,"column":39},"end":{"line":173,"column":null}}},"16":{"name":"(anonymous_17)","decl":{"start":{"line":184,"column":30},"end":{"line":184,"column":31}},"loc":{"start":{"line":184,"column":37},"end":{"line":184,"column":null}}},"17":{"name":"(anonymous_18)","decl":{"start":{"line":193,"column":30},"end":{"line":193,"column":31}},"loc":{"start":{"line":193,"column":37},"end":{"line":193,"column":null}}},"18":{"name":"(anonymous_19)","decl":{"start":{"line":202,"column":30},"end":{"line":202,"column":31}},"loc":{"start":{"line":202,"column":37},"end":{"line":202,"column":null}}},"19":{"name":"(anonymous_20)","decl":{"start":{"line":212,"column":32},"end":{"line":212,"column":33}},"loc":{"start":{"line":212,"column":39},"end":{"line":212,"column":null}}},"20":{"name":"(anonymous_21)","decl":{"start":{"line":222,"column":32},"end":{"line":222,"column":33}},"loc":{"start":{"line":222,"column":39},"end":{"line":222,"column":null}}},"21":{"name":"(anonymous_22)","decl":{"start":{"line":249,"column":32},"end":{"line":249,"column":33}},"loc":{"start":{"line":249,"column":39},"end":{"line":249,"column":null}}},"22":{"name":"(anonymous_23)","decl":{"start":{"line":273,"column":25},"end":{"line":273,"column":31}},"loc":{"start":{"line":273,"column":31},"end":{"line":273,"column":null}}},"23":{"name":"(anonymous_24)","decl":{"start":{"line":311,"column":29},"end":{"line":311,"column":null}},"loc":{"start":{"line":312,"column":16},"end":{"line":313,"column":null}}},"24":{"name":"(anonymous_25)","decl":{"start":{"line":342,"column":33},"end":{"line":342,"column":39}},"loc":{"start":{"line":342,"column":39},"end":{"line":342,"column":null}}},"25":{"name":"(anonymous_26)","decl":{"start":{"line":351,"column":33},"end":{"line":351,"column":39}},"loc":{"start":{"line":351,"column":39},"end":{"line":351,"column":null}}},"26":{"name":"(anonymous_27)","decl":{"start":{"line":359,"column":33},"end":{"line":359,"column":39}},"loc":{"start":{"line":359,"column":39},"end":{"line":359,"column":null}}},"27":{"name":"(anonymous_28)","decl":{"start":{"line":408,"column":25},"end":{"line":408,"column":31}},"loc":{"start":{"line":408,"column":31},"end":{"line":408,"column":null}}}},"branchMap":{"0":{"loc":{"start":{"line":79,"column":6},"end":{"line":81,"column":null}},"type":"cond-expr","locations":[{"start":{"line":80,"column":10},"end":{"line":80,"column":null}},{"start":{"line":81,"column":10},"end":{"line":81,"column":null}}]},"1":{"loc":{"start":{"line":112,"column":2},"end":{"line":283,"column":null}},"type":"if","locations":[{"start":{"line":112,"column":2},"end":{"line":283,"column":null}},{"start":{},"end":{}}]},"2":{"loc":{"start":{"line":294,"column":31},"end":{"line":294,"column":72}},"type":"cond-expr","locations":[{"start":{"line":294,"column":55},"end":{"line":294,"column":64}},{"start":{"line":294,"column":64},"end":{"line":294,"column":72}}]},"3":{"loc":{"start":{"line":299,"column":10},"end":{"line":308,"column":11}},"type":"cond-expr","locations":[{"start":{"line":299,"column":10},"end":{"line":308,"column":11}}]},"4":{"loc":{"start":{"line":328,"column":23},"end":{"line":328,"column":40}},"type":"binary-expr","locations":[{"start":{"line":328,"column":23},"end":{"line":328,"column":40}}]}},"s":{"0":0,"1":0,"2":0,"3":0,"4":0,"5":0,"6":0,"7":0,"8":0,"9":0,"10":0,"11":0,"12":0,"13":0,"14":0,"15":0,"16":0,"17":0,"18":0,"19":0,"20":0,"21":0,"22":0,"23":0,"24":0,"25":0,"26":0,"27":0,"28":0,"29":0,"30":0,"31":0,"32":0,"33":0,"34":0,"35":0,"36":0,"37":0,"38":0,"39":0,"40":0,"41":0,"42":0,"43":0,"44":0,"45":0,"46":0,"47":0,"48":0},"f":{"0":0,"1":0,"2":0,"3":0,"4":0,"5":0,"6":0,"7":0,"8":0,"9":0,"10":0,"11":0,"12":0,"13":0,"14":0,"15":0,"16":0,"17":0,"18":0,"19":0,"20":0,"21":0,"22":0,"23":0,"24":0,"25":0,"26":0,"27":0},"b":{"0":[0,0],"1":[0,0],"2":[0,0],"3":[0],"4":[0]}}
,"D:\\work\\Tar\\EMMANUEL\\cibng\\apps\\NEWPROJECTS\\LIBRARY2\\frontend\\src\\components\\debug\\AuthDebug.tsx": {"path":"D:\\work\\Tar\\EMMANUEL\\cibng\\apps\\NEWPROJECTS\\LIBRARY2\\frontend\\src\\components\\debug\\AuthDebug.tsx","statementMap":{"0":{"start":{"line":5,"column":16},"end":{"line":5,"column":null}},"1":{"start":{"line":3,"column":30},"end":{"line":3,"column":null}},"2":{"start":{"line":6,"column":47},"end":{"line":6,"column":null}}},"fnMap":{"0":{"name":"AuthDebug","decl":{"start":{"line":5,"column":16},"end":{"line":5,"column":null}},"loc":{"start":{"line":5,"column":16},"end":{"line":16,"column":null}}}},"branchMap":{"0":{"loc":{"start":{"line":11,"column":21},"end":{"line":11,"column":null}},"type":"cond-expr","locations":[{"start":{"line":11,"column":33},"end":{"line":11,"column":42}},{"start":{"line":11,"column":42},"end":{"line":11,"column":null}}]},"1":{"loc":{"start":{"line":12,"column":27},"end":{"line":12,"column":null}},"type":"cond-expr","locations":[{"start":{"line":12,"column":45},"end":{"line":12,"column":54}},{"start":{"line":12,"column":54},"end":{"line":12,"column":null}}]},"2":{"loc":{"start":{"line":13,"column":18},"end":{"line":13,"column":null}},"type":"cond-expr","locations":[{"start":{"line":13,"column":25},"end":{"line":13,"column":57}},{"start":{"line":13,"column":57},"end":{"line":13,"column":null}}]}},"s":{"0":0,"1":0,"2":0},"f":{"0":0},"b":{"0":[0,0],"1":[0,0],"2":[0,0]}}
,"D:\\work\\Tar\\EMMANUEL\\cibng\\apps\\NEWPROJECTS\\LIBRARY2\\frontend\\src\\components\\debug\\SimpleTest.tsx": {"path":"D:\\work\\Tar\\EMMANUEL\\cibng\\apps\\NEWPROJECTS\\LIBRARY2\\frontend\\src\\components\\debug\\SimpleTest.tsx","statementMap":{"0":{"start":{"line":3,"column":16},"end":{"line":3,"column":null}}},"fnMap":{"0":{"name":"SimpleTest","decl":{"start":{"line":3,"column":16},"end":{"line":3,"column":null}},"loc":{"start":{"line":3,"column":16},"end":{"line":10,"column":null}}}},"branchMap":{},"s":{"0":0},"f":{"0":0},"b":{}}
,"D:\\work\\Tar\\EMMANUEL\\cibng\\apps\\NEWPROJECTS\\LIBRARY2\\frontend\\src\\components\\layout\\navbar.tsx": {"path":"D:\\work\\Tar\\EMMANUEL\\cibng\\apps\\NEWPROJECTS\\LIBRARY2\\frontend\\src\\components\\layout\\navbar.tsx","statementMap":{"0":{"start":{"line":17,"column":16},"end":{"line":17,"column":null}},"1":{"start":{"line":3,"column":36},"end":{"line":3,"column":null}},"2":{"start":{"line":4,"column":17},"end":{"line":4,"column":null}},"3":{"start":{"line":5,"column":18},"end":{"line":5,"column":null}},"4":{"start":{"line":6,"column":23},"end":{"line":6,"column":null}},"5":{"start":{"line":7,"column":52},"end":{"line":7,"column":null}},"6":{"start":{"line":8,"column":112},"end":{"line":8,"column":null}},"7":{"start":{"line":9,"column":22},"end":{"line":9,"column":null}},"8":{"start":{"line":10,"column":50},"end":{"line":10,"column":null}},"9":{"start":{"line":11,"column":27},"end":{"line":11,"column":null}},"10":{"start":{"line":12,"column":29},"end":{"line":12,"column":null}},"11":{"start":{"line":13,"column":30},"end":{"line":13,"column":null}},"12":{"start":{"line":14,"column":117},"end":{"line":14,"column":null}},"13":{"start":{"line":15,"column":23},"end":{"line":15,"column":null}},"14":{"start":{"line":18,"column":44},"end":{"line":18,"column":null}},"15":{"start":{"line":19,"column":38},"end":{"line":19,"column":null}},"16":{"start":{"line":20,"column":36},"end":{"line":20,"column":null}},"17":{"start":{"line":21,"column":50},"end":{"line":21,"column":null}},"18":{"start":{"line":22,"column":38},"end":{"line":22,"column":null}},"19":{"start":{"line":24,"column":2},"end":{"line":30,"column":null}},"20":{"start":{"line":25,"column":25},"end":{"line":27,"column":null}},"21":{"start":{"line":26,"column":6},"end":{"line":26,"column":null}},"22":{"start":{"line":28,"column":4},"end":{"line":28,"column":null}},"23":{"start":{"line":29,"column":4},"end":{"line":29,"column":null}},"24":{"start":{"line":29,"column":17},"end":{"line":29,"column":null}},"25":{"start":{"line":90,"column":31},"end":{"line":90,"column":null}},"26":{"start":{"line":150,"column":33},"end":{"line":150,"column":null}},"27":{"start":{"line":181,"column":39},"end":{"line":181,"column":null}},"28":{"start":{"line":197,"column":23},"end":{"line":197,"column":null}},"29":{"start":{"line":201,"column":23},"end":{"line":201,"column":null}}},"fnMap":{"0":{"name":"Navbar","decl":{"start":{"line":17,"column":16},"end":{"line":17,"column":null}},"loc":{"start":{"line":17,"column":16},"end":{"line":205,"column":null}}},"1":{"name":"(anonymous_3)","decl":{"start":{"line":24,"column":12},"end":{"line":24,"column":null}},"loc":{"start":{"line":24,"column":12},"end":{"line":30,"column":5}}},"2":{"name":"(anonymous_4)","decl":{"start":{"line":25,"column":25},"end":{"line":25,"column":null}},"loc":{"start":{"line":25,"column":25},"end":{"line":27,"column":null}}},"3":{"name":"(anonymous_5)","decl":{"start":{"line":29,"column":11},"end":{"line":29,"column":17}},"loc":{"start":{"line":29,"column":17},"end":{"line":29,"column":null}}},"4":{"name":"(anonymous_6)","decl":{"start":{"line":90,"column":25},"end":{"line":90,"column":31}},"loc":{"start":{"line":90,"column":31},"end":{"line":90,"column":null}}},"5":{"name":"(anonymous_7)","decl":{"start":{"line":150,"column":27},"end":{"line":150,"column":33}},"loc":{"start":{"line":150,"column":33},"end":{"line":150,"column":null}}},"6":{"name":"(anonymous_8)","decl":{"start":{"line":181,"column":33},"end":{"line":181,"column":39}},"loc":{"start":{"line":181,"column":39},"end":{"line":181,"column":null}}},"7":{"name":"(anonymous_9)","decl":{"start":{"line":197,"column":17},"end":{"line":197,"column":23}},"loc":{"start":{"line":197,"column":23},"end":{"line":197,"column":null}}},"8":{"name":"(anonymous_10)","decl":{"start":{"line":201,"column":17},"end":{"line":201,"column":23}},"loc":{"start":{"line":201,"column":23},"end":{"line":201,"column":null}}}},"branchMap":{"0":{"loc":{"start":{"line":36,"column":10},"end":{"line":36,"column":null}},"type":"cond-expr","locations":[{"start":{"line":36,"column":23},"end":{"line":36,"column":66}},{"start":{"line":36,"column":66},"end":{"line":36,"column":null}}]},"1":{"loc":{"start":{"line":93,"column":17},"end":{"line":93,"column":null}},"type":"binary-expr","locations":[{"start":{"line":93,"column":17},"end":{"line":93,"column":null}}]},"2":{"loc":{"start":{"line":102,"column":16},"end":{"line":149,"column":17}},"type":"cond-expr","locations":[{"start":{"line":102,"column":16},"end":{"line":149,"column":17}}]},"3":{"loc":{"start":{"line":106,"column":66},"end":{"line":106,"column":null}},"type":"binary-expr","locations":[{"start":{"line":106,"column":66},"end":{"line":106,"column":85}},{"start":{"line":106,"column":85},"end":{"line":106,"column":null}}]},"4":{"loc":{"start":{"line":108,"column":45},"end":{"line":108,"column":86}},"type":"cond-expr","locations":[{"start":{"line":108,"column":45},"end":{"line":108,"column":86}}]},"5":{"loc":{"start":{"line":115,"column":23},"end":{"line":115,"column":null}},"type":"binary-expr","locations":[{"start":{"line":115,"column":23},"end":{"line":115,"column":42}},{"start":{"line":115,"column":42},"end":{"line":115,"column":null}}]},"6":{"loc":{"start":{"line":179,"column":21},"end":{"line":179,"column":null}},"type":"binary-expr","locations":[{"start":{"line":179,"column":21},"end":{"line":179,"column":null}}]}},"s":{"0":0,"1":0,"2":0,"3":0,"4":0,"5":0,"6":0,"7":0,"8":0,"9":0,"10":0,"11":0,"12":0,"13":0,"14":0,"15":0,"16":0,"17":0,"18":0,"19":0,"20":0,"21":0,"22":0,"23":0,"24":0,"25":0,"26":0,"27":0,"28":0,"29":0},"f":{"0":0,"1":0,"2":0,"3":0,"4":0,"5":0,"6":0,"7":0,"8":0},"b":{"0":[0,0],"1":[0],"2":[0],"3":[0,0],"4":[0],"5":[0,0],"6":[0]}}
,"D:\\work\\Tar\\EMMANUEL\\cibng\\apps\\NEWPROJECTS\\LIBRARY2\\frontend\\src\\components\\sections\\content-showcase.tsx": {"path":"D:\\work\\Tar\\EMMANUEL\\cibng\\apps\\NEWPROJECTS\\LIBRARY2\\frontend\\src\\components\\sections\\content-showcase.tsx","statementMap":{"0":{"start":{"line":13,"column":16},"end":{"line":13,"column":null}},"1":{"start":{"line":3,"column":25},"end":{"line":3,"column":null}},"2":{"start":{"line":4,"column":23},"end":{"line":4,"column":null}},"3":{"start":{"line":5,"column":58},"end":{"line":5,"column":null}},"4":{"start":{"line":6,"column":22},"end":{"line":6,"column":null}},"5":{"start":{"line":7,"column":57},"end":{"line":7,"column":null}},"6":{"start":{"line":8,"column":22},"end":{"line":8,"column":null}},"7":{"start":{"line":9,"column":78},"end":{"line":9,"column":null}},"8":{"start":{"line":10,"column":118},"end":{"line":10,"column":null}},"9":{"start":{"line":11,"column":23},"end":{"line":11,"column":null}},"10":{"start":{"line":14,"column":36},"end":{"line":14,"column":null}},"11":{"start":{"line":15,"column":38},"end":{"line":15,"column":null}},"12":{"start":{"line":16,"column":50},"end":{"line":16,"column":null}},"13":{"start":{"line":18,"column":23},"end":{"line":109,"column":null}},"14":{"start":{"line":111,"column":22},"end":{"line":118,"column":null}},"15":{"start":{"line":112,"column":4},"end":{"line":117,"column":null}},"16":{"start":{"line":120,"column":23},"end":{"line":127,"column":null}},"17":{"start":{"line":121,"column":4},"end":{"line":126,"column":null}},"18":{"start":{"line":122,"column":23},"end":{"line":122,"column":null}},"19":{"start":{"line":123,"column":20},"end":{"line":123,"column":null}},"20":{"start":{"line":124,"column":20},"end":{"line":124,"column":null}},"21":{"start":{"line":125,"column":15},"end":{"line":125,"column":null}},"22":{"start":{"line":129,"column":26},"end":{"line":135,"column":null}},"23":{"start":{"line":130,"column":23},"end":{"line":130,"column":null}},"24":{"start":{"line":131,"column":26},"end":{"line":132,"column":null}},"25":{"start":{"line":133,"column":28},"end":{"line":133,"column":null}},"26":{"start":{"line":134,"column":4},"end":{"line":134,"column":null}},"27":{"start":{"line":172,"column":35},"end":{"line":172,"column":null}},"28":{"start":{"line":217,"column":16},"end":{"line":218,"column":null}}},"fnMap":{"0":{"name":"ContentShowcase","decl":{"start":{"line":13,"column":16},"end":{"line":13,"column":null}},"loc":{"start":{"line":13,"column":16},"end":{"line":333,"column":null}}},"1":{"name":"(anonymous_2)","decl":{"start":{"line":111,"column":22},"end":{"line":111,"column":23}},"loc":{"start":{"line":111,"column":23},"end":{"line":118,"column":null}}},"2":{"name":"(anonymous_3)","decl":{"start":{"line":120,"column":23},"end":{"line":120,"column":24}},"loc":{"start":{"line":120,"column":24},"end":{"line":127,"column":null}}},"3":{"name":"(anonymous_4)","decl":{"start":{"line":129,"column":46},"end":{"line":129,"column":null}},"loc":{"start":{"line":129,"column":46},"end":{"line":135,"column":null}}},"4":{"name":"(anonymous_5)","decl":{"start":{"line":172,"column":28},"end":{"line":172,"column":29}},"loc":{"start":{"line":172,"column":35},"end":{"line":172,"column":null}}},"5":{"name":"(anonymous_6)","decl":{"start":{"line":216,"column":35},"end":{"line":216,"column":36}},"loc":{"start":{"line":217,"column":16},"end":{"line":218,"column":null}}}},"branchMap":{"0":{"loc":{"start":{"line":121,"column":4},"end":{"line":126,"column":null}},"type":"switch","locations":[{"start":{"line":122,"column":6},"end":{"line":122,"column":null}},{"start":{"line":123,"column":6},"end":{"line":123,"column":null}},{"start":{"line":124,"column":6},"end":{"line":124,"column":null}},{"start":{"line":125,"column":6},"end":{"line":125,"column":null}}]},"1":{"loc":{"start":{"line":130,"column":23},"end":{"line":130,"column":null}},"type":"binary-expr","locations":[{"start":{"line":130,"column":23},"end":{"line":130,"column":46}},{"start":{"line":130,"column":46},"end":{"line":130,"column":null}}]},"2":{"loc":{"start":{"line":131,"column":26},"end":{"line":132,"column":null}},"type":"binary-expr","locations":[{"start":{"line":131,"column":26},"end":{"line":131,"column":null}},{"start":{"line":132,"column":25},"end":{"line":132,"column":null}}]},"3":{"loc":{"start":{"line":133,"column":28},"end":{"line":133,"column":null}},"type":"binary-expr","locations":[{"start":{"line":133,"column":28},"end":{"line":133,"column":58}},{"start":{"line":133,"column":58},"end":{"line":133,"column":null}}]},"4":{"loc":{"start":{"line":134,"column":11},"end":{"line":134,"column":null}},"type":"binary-expr","locations":[{"start":{"line":134,"column":11},"end":{"line":134,"column":25}},{"start":{"line":134,"column":25},"end":{"line":134,"column":42}},{"start":{"line":134,"column":42},"end":{"line":134,"column":null}}]},"5":{"loc":{"start":{"line":234,"column":23},"end":{"line":234,"column":40}},"type":"binary-expr","locations":[{"start":{"line":234,"column":23},"end":{"line":234,"column":40}}]},"6":{"loc":{"start":{"line":242,"column":23},"end":{"line":242,"column":37}},"type":"binary-expr","locations":[{"start":{"line":242,"column":23},"end":{"line":242,"column":37}}]},"7":{"loc":{"start":{"line":251,"column":26},"end":{"line":255,"column":27}},"type":"cond-expr","locations":[{"start":{"line":251,"column":26},"end":{"line":255,"column":27}}]},"8":{"loc":{"start":{"line":296,"column":28},"end":{"line":301,"column":29}},"type":"cond-expr","locations":[{"start":{"line":296,"column":28},"end":{"line":301,"column":29}}]}},"s":{"0":0,"1":0,"2":0,"3":0,"4":0,"5":0,"6":0,"7":0,"8":0,"9":0,"10":0,"11":0,"12":0,"13":0,"14":0,"15":0,"16":0,"17":0,"18":0,"19":0,"20":0,"21":0,"22":0,"23":0,"24":0,"25":0,"26":0,"27":0,"28":0},"f":{"0":0,"1":0,"2":0,"3":0,"4":0,"5":0},"b":{"0":[0,0,0,0],"1":[0,0],"2":[0,0],"3":[0,0],"4":[0,0,0],"5":[0],"6":[0],"7
[...]
,"D:\\work\\Tar\\EMMANUEL\\cibng\\apps\\NEWPROJECTS\\LIBRARY2\\frontend\\src\\lib\\db.ts": {"path":"D:\\work\\Tar\\EMMANUEL\\cibng\\apps\\NEWPROJECTS\\LIBRARY2\\frontend\\src\\lib\\db.ts","statementMap":{"0":{"start":{"line":7,"column":13},"end":{"line":7,"column":null}},"1":{"start":{"line":1,"column":29},"end":{"line":1,"column":null}},"2":{"start":{"line":3,"column":24},"end":{"line":3,"column":null}},"3":{"start":{"line":8,"column":2},"end":{"line":11,"column":null}},"4":{"start":{"line":13,"column":0},"end":{"line":13,"column":null}},"5":{"start":{"line":13,"column":43},"end":{"line":13,"column":null}}},"fnMap":{},"branchMap":{"0":{"loc":{"start":{"line":8,"column":2},"end":{"line":11,"column":null}},"type":"binary-expr","locations":[{"start":{"line":8,"column":2},"end":{"line":8,"column":24}},{"start":{"line":9,"column":2},"end":{"line":11,"column":null}}]},"1":{"loc":{"start":{"line":13,"column":0},"end":{"line":13,"column":null}},"type":"if","locations":[{"start":{"line":13,"column":0},"end":{"line":13,"column":null}},{"start":{},"end":{}}]}},"s":{"0":0,"1":0,"2":0,"3":0,"4":0,"5":0},"f":{},"b":{"0":[0,0],"1":[0,0]}}
,"D:\\work\\Tar\\EMMANUEL\\cibng\\apps\\NEWPROJECTS\\LIBRARY2\\frontend\\src\\lib\\socket.ts": {"path":"D:\\work\\Tar\\EMMANUEL\\cibng\\apps\\NEWPROJECTS\\LIBRARY2\\frontend\\src\\lib\\socket.ts","statementMap":{"0":{"start":{"line":3,"column":13},"end":{"line":3,"column":27}},"1":{"start":{"line":3,"column":27},"end":{"line":29,"column":null}},"2":{"start":{"line":4,"column":2},"end":{"line":28,"column":null}},"3":{"start":{"line":5,"column":4},"end":{"line":5,"column":null}},"4":{"start":{"line":8,"column":4},"end":{"line":15,"column":null}},"5":{"start":{"line":10,"column":6},"end":{"line":14,"column":null}},"6":{"start":{"line":18,"column":4},"end":{"line":20,"column":null}},"7":{"start":{"line":19,"column":6},"end":{"line":19,"column":null}},"8":{"start":{"line":23,"column":4},"end":{"line":27,"column":null}}},"fnMap":{"0":{"name":"(anonymous_1)","decl":{"start":{"line":3,"column":27},"end":{"line":3,"column":28}},"loc":{"start":{"line":3,"column":28},"end":{"line":29,"column":null}}},"1":{"name":"(anonymous_2)","decl":{"start":{"line":4,"column":22},"end":{"line":4,"column":23}},"loc":{"start":{"line":4,"column":23},"end":{"line":28,"column":null}}},"2":{"name":"(anonymous_3)","decl":{"start":{"line":8,"column":25},"end":{"line":8,"column":26}},"loc":{"start":{"line":8,"column":26},"end":{"line":15,"column":null}}},"3":{"name":"(anonymous_4)","decl":{"start":{"line":18,"column":28},"end":{"line":18,"column":null}},"loc":{"start":{"line":18,"column":28},"end":{"line":20,"column":null}}}},"branchMap":{},"s":{"0":0,"1":0,"2":0,"3":0,"4":0,"5":0,"6":0,"7":0,"8":0},"f":{"0":0,"1":0,"2":0,"3":0},"b":{}}
,"D:\\work\\Tar\\EMMANUEL\\cibng\\apps\\NEWPROJECTS\\LIBRARY2\\frontend\\src\\lib\\utils.ts": {"path":"D:\\work\\Tar\\EMMANUEL\\cibng\\apps\\NEWPROJECTS\\LIBRARY2\\frontend\\src\\lib\\utils.ts","statementMap":{"0":{"start":{"line":4,"column":16},"end":{"line":4,"column":19}},"1":{"start":{"line":1,"column":38},"end":{"line":1,"column":null}},"2":{"start":{"line":2,"column":24},"end":{"line":2,"column":null}},"3":{"start":{"line":5,"column":2},"end":{"line":5,"column":null}}},"fnMap":{"0":{"name":"cn","decl":{"start":{"line":4,"column":16},"end":{"line":4,"column":19}},"loc":{"start":{"line":4,"column":42},"end":{"line":6,"column":null}}}},"branchMap":{},"s":{"0":0,"1":0,"2":0,"3":0},"f":{"0":0},"b":{}}
,"D:\\work\\Tar\\EMMANUEL\\cibng\\apps\\NEWPROJECTS\\LIBRARY2\\frontend\\src\\lib\\api\\auth.ts": {"path":"D:\\work\\Tar\\EMMANUEL\\cibng\\apps\\NEWPROJECTS\\LIBRARY2\\frontend\\src\\lib\\api\\auth.ts","statementMap":{"0":{"start":{"line":45,"column":13},"end":{"line":45,"column":24}},"1":{"start":{"line":140,"column":0},"end":{"line":140,"column":15}},"2":{"start":{"line":6,"column":22},"end":{"line":6,"column":null}},"3":{"start":{"line":45,"column":27},"end":{"line":138,"column":null}},"4":{"start":{"line":50,"column":21},"end":{"line":50,"column":null}},"5":{"start":{"line":53,"column":4},"end":{"line":56,"column":null}},"6":{"start":{"line":54,"column":6},"end":{"line":54,"column":null}},"7":{"start":{"line":55,"column":6},"end":{"line":55,"column":null}},"8":{"start":{"line":58,"column":4},"end":{"line":58,"column":null}},"9":{"start":{"line":65,"column":21},"end":{"line":65,"column":null}},"10":{"start":{"line":68,"column":4},"end":{"line":71,"column":null}},"11":{"start":{"line":69,"column":6},"end":{"line":69,"column":null}},"12":{"start":{"line":70,"column":6},"end":{"line":70,"column":null}},"13":{"start":{"line":73,"column":4},"end":{"line":73,"column":null}},"14":{"start":{"line":80,"column":21},"end":{"line":80,"column":null}},"15":{"start":{"line":81,"column":4},"end":{"line":81,"column":null}},"16":{"start":{"line":88,"column":21},"end":{"line":88,"column":null}},"17":{"start":{"line":91,"column":4},"end":{"line":93,"column":null}},"18":{"start":{"line":92,"column":6},"end":{"line":92,"column":null}},"19":{"start":{"line":95,"column":4},"end":{"line":95,"column":null}},"20":{"start":{"line":102,"column":4},"end":{"line":102,"column":null}},"21":{"start":{"line":102,"column":39},"end":{"line":102,"column":null}},"22":{"start":{"line":103,"column":4},"end":{"line":103,"column":null}},"23":{"start":{"line":104,"column":4},"end":{"line":104,"column":null}},"24":{"start":{"line":105,"column":4},"end":{"line":105,"column":null}},"25":{"start":{"line":112,"column":4},"end":{"line":112,"column":null}},"26":{"start":{"line":112,"column":39},"end":{"line":112,"column":null}},"27":{"start":{"line":113,"column":20},"end":{"line":113,"column":null}},"28":{"start":{"line":114,"column":4},"end":{"line":114,"column":null}},"29":{"start":{"line":114,"column":18},"end":{"line":114,"column":null}},"30":{"start":{"line":116,"column":4},"end":{"line":120,"column":null}},"31":{"start":{"line":117,"column":6},"end":{"line":117,"column":null}},"32":{"start":{"line":119,"column":6},"end":{"line":119,"column":null}},"33":{"start":{"line":127,"column":4},"end":{"line":127,"column":null}},"34":{"start":{"line":127,"column":39},"end":{"line":127,"column":null}},"35":{"start":{"line":128,"column":4},"end":{"line":128,"column":null}},"36":{"start":{"line":135,"column":4},"end":{"line":135,"column":null}},"37":{"start":{"line":135,"column":39},"end":{"line":135,"column":null}},"38":{"start":{"line":136,"column":4},"end":{"line":136,"column":null}},"39":{"start":{"line":140,"column":15},"end":{"line":140,"column":26}}},"fnMap":{"0":{"name":"(anonymous_4)","decl":{"start":{"line":49,"column":2},"end":{"line":49,"column":8}},"loc":{"start":{"line":49,"column":43},"end":{"line":59,"column":null}}},"1":{"name":"(anonymous_5)","decl":{"start":{"line":64,"column":2},"end":{"line":64,"column":8}},"loc":{"start":{"line":64,"column":51},"end":{"line":74,"column":null}}},"2":{"name":"(anonymous_6)","decl":{"start":{"line":79,"column":2},"end":{"line":79,"column":8}},"loc":{"start":{"line":79,"column":35},"end":{"line":82,"column":null}}},"3":{"name":"(anonymous_7)","decl":{"start":{"line":87,"column":2},"end":{"line":87,"column":8}},"loc":{"start":{"line":87,"column":8},"end":{"line":96,"column":null}}},"4":{"name":"(anonymous_8)","decl":{"start":{"line":101,"column":2},"end":{"line":101,"column":null}},"loc":{"start":{"line":101,"column":2},"end":{"line":106,"column":null}}},"5":{"name":"(anonymous_9)","decl":{"start":{"line":111,"column":2},"end":{"line":111,"column":null}},"loc":{"start":{"line":111,"column":2},"end":{"line":121,"column":null}}},"6":{"name":"(anonymous_10)","decl":{"start":{"line":126,"column":2},"end":{"line":126,"column":null}},"loc":{"start":{"line":126,"column":2},"end":{"line":129,"column":null}}},"7":{"name":"(anonymous_11)","decl":{"start":{"line":134,"column":2},"end":{"line":134,"column":null}},"loc":{"start":{"line":134,"column":2},"end":{"line":137,"column":null}}}},"branchMap":{"0":{"loc":{"start":{"line":53,"column":4},"end":{"line":56,"column":null}},"type":"if","locations":[{"start":{"line":53,"column":4},"end":{"line":56,"column":null}},{"start":{},"end":{}}]},"1":{"loc":{"start":{"line":53,"column":8},"end":{"line":53,"column":69}},"type":"binary-expr","locations":[{"start":{"line":53,"column":8},"end":{"line":53,"column":34}},{"start":{"line":53,"column":38},"end":{"line":53,"column":69}}]},"2":{"loc":{"start":{"line":68,"column":4},"end":{"line":71,"column":null}},"type":"if","locations":[{"start":{"line":68,"column":4},"end":{"line":71,"column":null}},{"start":{},"end":{}}]},"3":{"loc":{"start":{"line":68,"column":8},"end":{"line":68,"column":69}},"type":"binary-expr","locations":[{"start":{"line":68,"column":8},"end":{"line":68,"column":34}},{"start":{"line":68,"column":38},"end":{"line":68,"column":69}}]},"4":{"loc":{"start":{"line":91,"column":4},"end":{"line":93,"column":null}},"type":"if","locations":[{"start":{"line":91,"column":4},"end":{"line":93,"column":null}},{"start":{},"end":{}}]},"5":{"loc":{"start":{"line":102,"column":4},"end":{"line":102,"column":null}},"type":"if","locations":[{"start":{"line":102,"column":4},"end":{"line":102,"column":null}},{"start":{},"end":{}}]},"6":{"loc":{"start":{"line":112,"column":4},"end":{"line":112,"column":null}},"type":"if","locations":[{"start":{"line":112,"column":4},"end":{"line":112,"column":null}},{"start":{},"end":{}}]},"7":{"loc":{"start":{"line":114,"column":4},"end":{"line":114,"column":null}},"type":"if","locations":[{"start":{"line":114,"column":4},"end":{"line":114,"column":null}},{"start":{},"end":{}}]},"8":{"loc":{"start":{"line":127,"column":4},"end":{"line":127,"column":null}},"type":"if","locations":[{"start":{"line":127,"column":4},"end":{"line":127,"column":null}},{"start":{},"end":{}}]},"9":{"loc":{"start":{"line":135,"column":4},"end":{"line":135,"column":null}},"type":"if","locations":[{"start":{"line":135,"column":4},"end":{"line":135,"column":null}},{"start":{},"end":{}}]}},"s":{"0":0,"1":0,"2":0,"3":0,"4":0,"5":0,"6":0,"7":0,"8":0,"9":0,"10":0,"11":0,"12":0,"13":0,"14":0,"15":0,"16":0,"17":0,"18":0,"19":0,"20":0,"21":0,"22":0,"23":0,"24":0,"25":0,"26":0,"27":0,"28":0,"29":0,"30":0,"31":0,"32":0,"33":0,"34":0,"35":0,"36":0,"37":0,"38":0,"39":0},"f":{"0":0,"1":0,"2":0,"3":0,"4":0,"5":0,"6":0,"7":0},"b":{"0":[0,0],"1":[0,0],"2":[0,0],"3":[0,0],"4":[0,0],"5":[0,0],"6":[0,0],"7":[0,0],"8":[0,0],"9":[0,0]}}
,"D:\\work\\Tar\\EMMANUEL\\cibng\\apps\\NEWPROJECTS\\LIBRARY2\\frontend\\src\\lib\\api\\client.ts": {"path":"D:\\work\\Tar\\EMMANUEL\\cibng\\apps\\NEWPROJECTS\\LIBRARY2\\frontend\\src\\lib\\api\\client.ts","statementMap":{"0":{"start":{"line":11,"column":13},"end":{"line":11,"column":22}},"1":{"start":{"line":52,"column":0},"end":{"line":52,"column":15}},"2":{"start":{"line":6,"column":62},"end":{"line":6,"column":null}},"3":{"start":{"line":8,"column":21},"end":{"line":8,"column":null}},"4":{"start":{"line":11,"column":25},"end":{"line":17,"column":null}},"5":{"start":{"line":20,"column":0},"end":{"line":30,"column":null}},"6":{"start":{"line":22,"column":18},"end":{"line":22,"column":null}},"7":{"start":{"line":23,"column":4},"end":{"line":25,"column":null}},"8":{"start":{"line":24,"column":6},"end":{"line":24,"column":null}},"9":{"start":{"line":26,"column":4},"end":{"line":26,"column":null}},"10":{"start":{"line":29,"column":4},"end":{"line":29,"column":null}},"11":{"start":{"line":34,"column":0},"end":{"line":49,"column":null}},"12":{"start":{"line":35,"column":16},"end":{"line":35,"column":null}},"13":{"start":{"line":37,"column":4},"end":{"line":46,"column":null}},"14":{"start":{"line":39,"column":6},"end":{"line":39,"column":null}},"15":{"start":{"line":40,"column":6},"end":{"line":40,"column":null}},"16":{"start":{"line":43,"column":6},"end":{"line":45,"column":null}},"17":{"start":{"line":44,"column":8},"end":{"line":44,"column":null}},"18":{"start":{"line":48,"column":4},"end":{"line":48,"column":null}},"19":{"start":{"line":52,"column":15},"end":{"line":52,"column":24}}},"fnMap":{"0":{"name":"(anonymous_4)","decl":{"start":{"line":21,"column":2},"end":{"line":21,"column":3}},"loc":{"start":{"line":21,"column":3},"end":{"line":27,"column":null}}},"1":{"name":"(anonymous_5)","decl":{"start":{"line":28,"column":2},"end":{"line":28,"column":3}},"loc":{"start":{"line":28,"column":3},"end":{"line":30,"column":null}}},"2":{"name":"(anonymous_6)","decl":{"start":{"line":35,"column":2},"end":{"line":35,"column":3}},"loc":{"start":{"line":35,"column":16},"end":{"line":35,"column":null}}},"3":{"name":"(anonymous_7)","decl":{"start":{"line":36,"column":2},"end":{"line":36,"column":3}},"loc":{"start":{"line":36,"column":3},"end":{"line":49,"column":null}}}},"branchMap":{"0":{"loc":{"start":{"line":8,"column":21},"end":{"line":8,"column":null}},"type":"binary-expr","locations":[{"start":{"line":8,"column":21},"end":{"line":8,"column":57}},{"start":{"line":8,"column":61},"end":{"line":8,"column":null}}]},"1":{"loc":{"start":{"line":23,"column":4},"end":{"line":25,"column":null}},"type":"if","locations":[{"start":{"line":23,"column":4},"end":{"line":25,"column":null}},{"start":{},"end":{}}]},"2":{"loc":{"start":{"line":23,"column":8},"end":{"line":23,"column":31}},"type":"binary-expr","locations":[{"start":{"line":23,"column":8},"end":{"line":23,"column":17}},{"start":{"line":23,"column":17},"end":{"line":23,"column":31}}]},"3":{"loc":{"start":{"line":37,"column":4},"end":{"line":46,"column":null}},"type":"if","locations":[{"start":{"line":37,"column":4},"end":{"line":46,"column":null}},{"start":{},"end":{}}]},"4":{"loc":{"start":{"line":43,"column":6},"end":{"line":45,"column":null}},"type":"if","locations":[{"start":{"line":43,"column":6},"end":{"line":45,"column":null}},{"start":{},"end":{}}]}},"s":{"0":0,"1":0,"2":0,"3":0,"4":0,"5":0,"6":0,"7":0,"8":0,"9":0,"10":0,"11":0,"12":0,"13":0,"14":0,"15":0,"16":0,"17":0,"18":0,"19":0},"f":{"0":0,"1":0,"2":0,"3":0},"b":{"0":[0,0],"1":[0,0],"2":[0,0],"3":[0,0],"4":[0,0]}}
,"D:\\work\\Tar\\EMMANUEL\\cibng\\apps\\NEWPROJECTS\\LIBRARY2\\frontend\\src\\lib\\api\\content.ts": {"path":"D:\\work\\Tar\\EMMANUEL\\cibng\\apps\\NEWPROJECTS\\LIBRARY2\\frontend\\src\\lib\\api\\content.ts","statementMap":{"0":{"start":{"line":44,"column":13},"end":{"line":44,"column":27}},"1":{"start":{"line":95,"column":0},"end":{"line":95,"column":15}},"2":{"start":{"line":6,"column":22},"end":{"line":6,"column":null}},"3":{"start":{"line":44,"column":30},"end":{"line":93,"column":null}},"4":{"start":{"line":49,"column":19},"end":{"line":49,"column":null}},"5":{"start":{"line":51,"column":4},"end":{"line":51,"column":null}},"6":{"start":{"line":51,"column":23},"end":{"line":51,"column":null}},"7":{"start":{"line":52,"column":4},"end":{"line":52,"column":null}},"8":{"start":{"line":52,"column":28},"end":{"line":52,"column":null}},"9":{"start":{"line":53,"column":4},"end":{"line":53,"column":null}},"10":{"start":{"line":53,"column":31},"end":{"line":53,"column":null}},"11":{"start":{"line":54,"column":4},"end":{"line":54,"column":null}},"12":{"start":{"line":54,"column":27},"end":{"line":54,"column":null}},"13":{"start":{"line":55,"column":4},"end":{"line":55,"column":null}},"14":{"start":{"line":55,"column":25},"end":{"line":55,"column":null}},"15":{"start":{"line":56,"column":4},"end":{"line":56,"column":null}},"16":{"start":{"line":56,"column":42},"end":{"line":56,"column":null}},"17":{"start":{"line":57,"column":4},"end":{"line":57,"column":null}},"18":{"start":{"line":57,"column":42},"end":{"line":57,"column":null}},"19":{"start":{"line":59,"column":21},"end":{"line":59,"column":null}},"20":{"start":{"line":60,"column":4},"end":{"line":60,"column":null}},"21":{"start":{"line":67,"column":21},"end":{"line":67,"column":null}},"22":{"start":{"line":68,"column":4},"end":{"line":68,"column":null}},"23":{"start":{"line":75,"column":21},"end":{"line":75,"column":null}},"24":{"start":{"line":76,"column":4},"end":{"line":76,"column":null}},"25":{"start":{"line":83,"column":21},"end":{"line":83,"column":null}},"26":{"start":{"line":84,"column":4},"end":{"line":84,"column":null}},"27":{"start":{"line":91,"column":4},"end":{"line":91,"column":null}},"28":{"start":{"line":95,"column":15},"end":{"line":95,"column":29}}},"fnMap":{"0":{"name":"(anonymous_4)","decl":{"start":{"line":48,"column":2},"end":{"line":48,"column":8}},"loc":{"start":{"line":48,"column":43},"end":{"line":61,"column":null}}},"1":{"name":"(anonymous_5)","decl":{"start":{"line":66,"column":2},"end":{"line":66,"column":8}},"loc":{"start":{"line":66,"column":33},"end":{"line":69,"column":null}}},"2":{"name":"(anonymous_6)","decl":{"start":{"line":74,"column":2},"end":{"line":74,"column":8}},"loc":{"start":{"line":74,"column":77},"end":{"line":77,"column":null}}},"3":{"name":"(anonymous_7)","decl":{"start":{"line":82,"column":2},"end":{"line":82,"column":8}},"loc":{"start":{"line":82,"column":56},"end":{"line":85,"column":null}}},"4":{"name":"(anonymous_8)","decl":{"start":{"line":90,"column":2},"end":{"line":90,"column":8}},"loc":{"start":{"line":90,"column":32},"end":{"line":92,"column":null}}}},"branchMap":{"0":{"loc":{"start":{"line":51,"column":4},"end":{"line":51,"column":null}},"type":"if","locations":[{"start":{"line":51,"column":4},"end":{"line":51,"column":null}},{"start":{},"end":{}}]},"1":{"loc":{"start":{"line":52,"column":4},"end":{"line":52,"column":null}},"type":"if","locations":[{"start":{"line":52,"column":4},"end":{"line":52,"column":null}},{"start":{},"end":{}}]},"2":{"loc":{"start":{"line":53,"column":4},"end":{"line":53,"column":null}},"type":"if","locations":[{"start":{"line":53,"column":4},"end":{"line":53,"column":null}},{"start":{},"end":{}}]},"3":{"loc":{"start":{"line":54,"column":4},"end":{"line":54,"column":null}},"type":"if","locations":[{"start":{"line":54,"column":4},"end":{"line":54,"column":null}},{"start":{},"end":{}}]},"4":{"loc":{"start":{"line":55,"column":4},"end":{"line":55,"column":null}},"type":"if","locations":[{"start":{"line":55,"column":4},"end":{"line":55,"column":null}},{"start":{},"end":{}}]},"5":{"loc":{"start":{"line":56,"column":4},"end":{"line":56,"column":null}},"type":"if","locations":[{"start":{"line":56,"column":4},"end":{"line":56,"column":null}},{"start":{},"end":{}}]},"6":{"loc":{"start":{"line":57,"column":4},"end":{"line":57,"column":null}},"type":"if","locations":[{"start":{"line":57,"column":4},"end":{"line":57,"column":null}},{"start":{},"end":{}}]}},"s":{"0":0,"1":0,"2":0,"3":0,"4":0,"5":0,"6":0,"7":0,"8":0,"9":0,"10":0,"11":0,"12":0,"13":0,"14":0,"15":0,"16":0,"17":0,"18":0,"19":0,"20":0,"21":0,"22":0,"23":0,"24":0,"25":0,"26":0,"27":0,"28":0},"f":{"0":0,"1":0,"2":0,"3":0,"4":0},"b":{"0":[0,0],"1":[0,0],"2":[0,0],"3":[0,0],"4":[0,0],"5":[0,0],"6":[0,0]}}
,"D:\\work\\Tar\\EMMANUEL\\cibng\\apps\\NEWPROJECTS\\LIBRARY2\\frontend\\src\\types\\blockchain.ts": {"path":"D:\\work\\Tar\\EMMANUEL\\cibng\\apps\\NEWPROJECTS\\LIBRARY2\\frontend\\src\\types\\blockchain.ts","statementMap":{"0":{"start":{"line":1,"column":12},"end":{"line":1,"column":null}}},"fnMap":{},"branchMap":{},"s":{"0":0},"f":{},"b":{}}
}
